This is pdfTeX, Version 3.141592653-2.6-1.40.25 (TeX Live 2023) (preloaded format=latex 2023.6.6)  7 JUN 2023 14:58
entering extended mode
 restricted \write18 enabled.
 file:line:error style messages enabled.
 %&-line parsing enabled.
**c:/Users/mamex/Documents/TeX/linear-algebra/L-Alg.tex
(c:/Users/mamex/Documents/TeX/linear-algebra/L-Alg.tex
LaTeX2e <2022-11-01> patch level 1
L3 programming layer <2023-05-22> (c:/texlive/2023/texmf-dist/tex/platex/jsclasses/jsreport.cls

c:/texlive/2023/texmf-dist/tex/platex/jsclasses/jsreport.cls:14: LaTeX Error: This file needs format `pLaTeX2e'
               but this is `LaTeX2e'.

See the LaTeX manual or LaTeX Companion for explanation.
Type  H <return>  for immediate help.
 ...                                              
                                                  
l.14 \NeedsTeXFormat{pLaTeX2e}
                              
The current input file will not be processed further,
because it was written for some other flavor of TeX.
You're in trouble here.  Try typing  <return>  to proceed.
If that doesn't work, type  X <return>  to quit.

) (c:/texlive/2023/texmf-dist/tex/latex/graphics/graphicx.sty
Package: graphicx 2021/09/16 v1.2d Enhanced LaTeX Graphics (DPC,SPQR)
 (c:/texlive/2023/texmf-dist/tex/latex/graphics/keyval.sty
Package: keyval 2022/05/29 v1.15 key=value parser (DPC)
\KV@toks@=\toks16
) (c:/texlive/2023/texmf-dist/tex/latex/graphics/graphics.sty
Package: graphics 2022/03/10 v1.4e Standard LaTeX Graphics (DPC,SPQR)
 (c:/texlive/2023/texmf-dist/tex/latex/graphics/trig.sty
Package: trig 2021/08/11 v1.11 sin cos tan (DPC)
) (c:/texlive/2023/texmf-dist/tex/latex/graphics-cfg/graphics.cfg
File: graphics.cfg 2016/06/04 v1.11 sample graphics configuration
)
Package graphics Info: Driver file: dvipdfmx.def on input line 107.
 (c:/texlive/2023/texmf-dist/tex/latex/graphics-def/dvipdfmx.def
File: dvipdfmx.def 2022/09/22 v5.0m Graphics/color driver for dvipdfmx
))
\Gin@req@height=\dimen140
\Gin@req@width=\dimen141
) (c:/texlive/2023/texmf-dist/tex/latex/braket/braket.sty) (c:/texlive/2023/texmf-dist/tex/latex/tools/bm.sty
Package: bm 2022/01/05 v1.2f Bold Symbol Support (DPC/FMi)
\symboldoperators=\mathgroup4
\symboldletters=\mathgroup5
\symboldsymbols=\mathgroup6
Package bm Info: No bold for \OMX/cmex/m/n, using \pmb.
LaTeX Font Info:    Redeclaring math alphabet \mathbf on input line 149.
) (c:/texlive/2023/texmf-dist/tex/latex/base/latexsym.sty
Package: latexsym 1998/08/17 v2.2e Standard LaTeX package (lasy symbols)
\symlasy=\mathgroup7
LaTeX Font Info:    Overwriting symbol font `lasy' in version `bold'
(Font)                  U/lasy/m/n --> U/lasy/b/n on input line 52.
) (c:/texlive/2023/texmf-dist/tex/latex/amsmath/amsmath.sty
Package: amsmath 2022/04/08 v2.17n AMS math features
\@mathmargin=\skip48

For additional information on amsmath, use the `?' option.
(c:/texlive/2023/texmf-dist/tex/latex/amsmath/amstext.sty
Package: amstext 2021/08/26 v2.01 AMS text
 (c:/texlive/2023/texmf-dist/tex/latex/amsmath/amsgen.sty
File: amsgen.sty 1999/11/30 v2.0 generic functions
\@emptytoks=\toks17
\ex@=\dimen142
)) (c:/texlive/2023/texmf-dist/tex/latex/amsmath/amsbsy.sty
Package: amsbsy 1999/11/29 v1.2d Bold Symbols
LaTeX Info: Redefining \boldsymbol on input line 28.
\pmbraise@=\dimen143
) (c:/texlive/2023/texmf-dist/tex/latex/amsmath/amsopn.sty
Package: amsopn 2022/04/08 v2.04 operator names
)
\inf@bad=\count185
LaTeX Info: Redefining \frac on input line 234.
\uproot@=\count186
\leftroot@=\count187
LaTeX Info: Redefining \overline on input line 399.
LaTeX Info: Redefining \colon on input line 410.
\classnum@=\count188
\DOTSCASE@=\count189
LaTeX Info: Redefining \ldots on input line 496.
LaTeX Info: Redefining \dots on input line 499.
LaTeX Info: Redefining \cdots on input line 620.
\Mathstrutbox@=\box51
\strutbox@=\box52
LaTeX Info: Redefining \big on input line 722.
LaTeX Info: Redefining \Big on input line 723.
LaTeX Info: Redefining \bigg on input line 724.
LaTeX Info: Redefining \Bigg on input line 725.
\big@size=\dimen144
LaTeX Font Info:    Redeclaring font encoding OML on input line 743.
LaTeX Font Info:    Redeclaring font encoding OMS on input line 744.
\macc@depth=\count190
LaTeX Info: Redefining \bmod on input line 905.
LaTeX Info: Redefining \pmod on input line 910.
LaTeX Info: Redefining \smash on input line 940.
LaTeX Info: Redefining \relbar on input line 970.
LaTeX Info: Redefining \Relbar on input line 971.
\c@MaxMatrixCols=\count191
\dotsspace@=\muskip16
\c@parentequation=\count192
\dspbrk@lvl=\count193
\tag@help=\toks18
\row@=\count194
\column@=\count195
\maxfields@=\count196
\andhelp@=\toks19
\eqnshift@=\dimen145
\alignsep@=\dimen146
\tagshift@=\dimen147
\tagwidth@=\dimen148
\totwidth@=\dimen149
\lineht@=\dimen150
\@envbody=\toks20
\multlinegap=\skip49
\multlinetaggap=\skip50
\mathdisplay@stack=\toks21
LaTeX Info: Redefining \[ on input line 2953.
LaTeX Info: Redefining \] on input line 2954.
) (c:/texlive/2023/texmf-dist/tex/latex/amsfonts/amssymb.sty
Package: amssymb 2013/01/14 v3.01 AMS font symbols
 (c:/texlive/2023/texmf-dist/tex/latex/amsfonts/amsfonts.sty
Package: amsfonts 2013/01/14 v3.01 Basic AMSFonts support
\symAMSa=\mathgroup8
\symAMSb=\mathgroup9
LaTeX Font Info:    Redeclaring math symbol \hbar on input line 98.
LaTeX Font Info:    Overwriting math alphabet `\mathfrak' in version `bold'
(Font)                  U/euf/m/n --> U/euf/b/n on input line 106.
)) (c:/texlive/2023/texmf-dist/tex/latex/jknapltx/mathrsfs.sty
Package: mathrsfs 1996/01/01 Math RSFS package v1.0 (jk)
\symrsfs=\mathgroup10
) (c:/texlive/2023/texmf-dist/tex/latex/amscls/amsthm.sty
Package: amsthm 2020/05/29 v2.20.6
\thm@style=\toks22
\thm@bodyfont=\toks23
\thm@headfont=\toks24
\thm@notefont=\toks25
\thm@headpunct=\toks26
\thm@preskip=\skip51
\thm@postskip=\skip52
\thm@headsep=\skip53
\dth@everypar=\toks27
) (c:/texlive/2023/texmf-dist/tex/latex/tensor/tensor.sty
Package: tensor 2004/12/20 v2.1 tensor indices package (PGR)
\tnsr@Sps=\toks28
\tnsr@Sbs=\toks29
\tnsr@Spe=\toks30
\tnsr@Sbe=\toks31
\ncld@Mno=\toks32
) (c:/texlive/2023/texmf-dist/tex/latex/comment/comment.sty
\CommentStream=\write3
 Excluding comment 'comment') (c:/texlive/2023/texmf-dist/tex/latex/hyperref/hyperref.sty
Package: hyperref 2023-05-16 v7.00y Hypertext links for LaTeX
 (c:/texlive/2023/texmf-dist/tex/generic/ltxcmds/ltxcmds.sty
Package: ltxcmds 2020-05-10 v1.25 LaTeX kernel commands for general use (HO)
) (c:/texlive/2023/texmf-dist/tex/generic/iftex/iftex.sty
Package: iftex 2022/02/03 v1.0f TeX engine tests
) (c:/texlive/2023/texmf-dist/tex/generic/pdftexcmds/pdftexcmds.sty
Package: pdftexcmds 2020-06-27 v0.33 Utility functions of pdfTeX for LuaTeX (HO)
 (c:/texlive/2023/texmf-dist/tex/generic/infwarerr/infwarerr.sty
Package: infwarerr 2019/12/03 v1.5 Providing info/warning/error messages (HO)
)
Package pdftexcmds Info: \pdf@primitive is available.
Package pdftexcmds Info: \pdf@ifprimitive is available.
Package pdftexcmds Info: \pdfdraftmode is ignored in DVI mode.
) (c:/texlive/2023/texmf-dist/tex/latex/kvsetkeys/kvsetkeys.sty
Package: kvsetkeys 2022-10-05 v1.19 Key value parser (HO)
) (c:/texlive/2023/texmf-dist/tex/generic/kvdefinekeys/kvdefinekeys.sty
Package: kvdefinekeys 2019-12-19 v1.6 Define keys (HO)
) (c:/texlive/2023/texmf-dist/tex/generic/pdfescape/pdfescape.sty
Package: pdfescape 2019/12/09 v1.15 Implements pdfTeX's escape features (HO)
) (c:/texlive/2023/texmf-dist/tex/latex/hycolor/hycolor.sty
Package: hycolor 2020-01-27 v1.10 Color options for hyperref/bookmark (HO)
) (c:/texlive/2023/texmf-dist/tex/latex/letltxmacro/letltxmacro.sty
Package: letltxmacro 2019/12/03 v1.6 Let assignment for LaTeX macros (HO)
) (c:/texlive/2023/texmf-dist/tex/latex/auxhook/auxhook.sty
Package: auxhook 2019-12-17 v1.6 Hooks for auxiliary files (HO)
) (c:/texlive/2023/texmf-dist/tex/latex/hyperref/nameref.sty
Package: nameref 2023-05-16 v2.51 Cross-referencing by name of section
 (c:/texlive/2023/texmf-dist/tex/latex/refcount/refcount.sty
Package: refcount 2019/12/15 v3.6 Data extraction from label references (HO)
) (c:/texlive/2023/texmf-dist/tex/generic/gettitlestring/gettitlestring.sty
Package: gettitlestring 2019/12/15 v1.6 Cleanup title references (HO)
 (c:/texlive/2023/texmf-dist/tex/latex/kvoptions/kvoptions.sty
Package: kvoptions 2022-06-15 v3.15 Key value format for package options (HO)
))
\c@section@level=\count197
) (c:/texlive/2023/texmf-dist/tex/latex/etoolbox/etoolbox.sty
Package: etoolbox 2020/10/05 v2.5k e-TeX tools for LaTeX (JAW)
\etb@tempcnta=\count198
)
\@linkdim=\dimen151
\Hy@linkcounter=\count199
\Hy@pagecounter=\count266
 (c:/texlive/2023/texmf-dist/tex/latex/hyperref/pd1enc.def
File: pd1enc.def 2023-05-16 v7.00y Hyperref: PDFDocEncoding definition (HO)
Now handling font encoding PD1 ...
... no UTF-8 mapping file for font encoding PD1
) (c:/texlive/2023/texmf-dist/tex/generic/intcalc/intcalc.sty
Package: intcalc 2019/12/15 v1.3 Expandable calculations with integers (HO)
)
\Hy@SavedSpaceFactor=\count267
 (c:/texlive/2023/texmf-dist/tex/latex/hyperref/puenc.def
File: puenc.def 2023-05-16 v7.00y Hyperref: PDF Unicode definition (HO)
Now handling font encoding PU ...
... no UTF-8 mapping file for font encoding PU
)
Package hyperref Info: Option `linktocpage' set `true' on input line 4050.
Package hyperref Info: Hyper figures OFF on input line 4167.
Package hyperref Info: Link nesting OFF on input line 4172.
Package hyperref Info: Hyper index ON on input line 4175.
Package hyperref Info: Plain pages OFF on input line 4182.
Package hyperref Info: Backreferencing OFF on input line 4187.
Package hyperref Info: Implicit mode ON; LaTeX internals redefined.
Package hyperref Info: Bookmarks ON on input line 4434.
\c@Hy@tempcnt=\count268
 (c:/texlive/2023/texmf-dist/tex/latex/url/url.sty
\Urlmuskip=\muskip17
Package: url 2013/09/16  ver 3.4  Verb mode for urls, etc.
)
LaTeX Info: Redefining \url on input line 4772.
\XeTeXLinkMargin=\dimen152
 (c:/texlive/2023/texmf-dist/tex/generic/bitset/bitset.sty
Package: bitset 2019/12/09 v1.3 Handle bit-vector datatype (HO)
 (c:/texlive/2023/texmf-dist/tex/generic/bigintcalc/bigintcalc.sty
Package: bigintcalc 2019/12/15 v1.5 Expandable calculations on big integers (HO)
))
\Fld@menulength=\count269
\Field@Width=\dimen153
\Fld@charsize=\dimen154
Package hyperref Info: Hyper figures OFF on input line 6051.
Package hyperref Info: Link nesting OFF on input line 6056.
Package hyperref Info: Hyper index ON on input line 6059.
Package hyperref Info: backreferencing OFF on input line 6066.
Package hyperref Info: Link coloring OFF on input line 6071.
Package hyperref Info: Link coloring with OCG OFF on input line 6076.
Package hyperref Info: PDF/A mode OFF on input line 6081.
 (c:/texlive/2023/texmf-dist/tex/latex/base/atbegshi-ltx.sty
Package: atbegshi-ltx 2021/01/10 v1.0c Emulation of the original atbegshi
package with kernel methods
)

Package hyperref Warning: Option `pdfpagelabels' is turned off
(hyperref)                because \thepage is undefined.

\c@Item=\count270
\c@Hfootnote=\count271
)
Package hyperref Info: Driver: hdvipdfm.
 (c:/texlive/2023/texmf-dist/tex/latex/hyperref/hdvipdfm.def
File: hdvipdfm.def 2023-05-16 v7.00y Hyperref driver for dvipdfm
\pdfm@box=\box53
\c@Hy@AnnotLevel=\count272
\HyField@AnnotCount=\count273
\Fld@listcount=\count274
\c@bookmark@seq@number=\count275
 (c:/texlive/2023/texmf-dist/tex/latex/rerunfilecheck/rerunfilecheck.sty
Package: rerunfilecheck 2022-07-10 v1.10 Rerun checks for auxiliary files (HO)
 (c:/texlive/2023/texmf-dist/tex/latex/base/atveryend-ltx.sty
Package: atveryend-ltx 2020/08/19 v1.0a Emulation of the original atveryend package
with kernel methods
) (c:/texlive/2023/texmf-dist/tex/generic/uniquecounter/uniquecounter.sty
Package: uniquecounter 2019/12/15 v1.4 Provide unlimited unique counter (HO)
)
Package uniquecounter Info: New unique counter `rerunfilecheck' on input line 285.
)
\Hy@SectionHShift=\skip54
) (c:/texlive/2023/texmf-dist/tex/platex/pxjahyper/pxjahyper.sty

c:/texlive/2023/texmf-dist/tex/platex/pxjahyper/pxjahyper.sty:12: LaTeX Error: This file needs format `pLaTeX2e'
               but this is `LaTeX2e'.

See the LaTeX manual or LaTeX Companion for explanation.
Type  H <return>  for immediate help.
 ...                                              
                                                  
l.12 \NeedsTeXFormat{pLaTeX2e}
                              
The current input file will not be processed further,
because it was written for some other flavor of TeX.
You're in trouble here.  Try typing  <return>  to proceed.
If that doesn't work, type  X <return>  to quit.

) (c:/texlive/2023/texmf-dist/tex/latex/graphics/color.sty
Package: color 2022/01/06 v1.3d Standard LaTeX Color (DPC)
 (c:/texlive/2023/texmf-dist/tex/latex/graphics-cfg/color.cfg
File: color.cfg 2016/01/02 v1.6 sample color configuration
)
Package color Info: Driver file: dvipdfmx.def on input line 149.
 (c:/texlive/2023/texmf-dist/tex/latex/graphics/dvipsnam.def
File: dvipsnam.def 2016/06/17 v3.0m Driver-dependent file (DPC,SPQR)
) (c:/texlive/2023/texmf-dist/tex/latex/graphics/mathcolor.ltx)) (c:/texlive/2023/texmf-dist/tex/latex/here/here.sty) (c:/texlive/2023/texmf-dist/tex/latex/float/float.sty
Package: float 2001/11/08 v1.3d Float enhancements (AL)
\c@float@type=\count276
\float@exts=\toks33
\float@box=\box54
\@float@everytoks=\toks34
\@floatcapt=\box55
) (c:/texlive/2023/texmf-dist/tex/latex/pgf/frontendlayer/tikz.sty (c:/texlive/2023/texmf-dist/tex/latex/pgf/basiclayer/pgf.sty (c:/texlive/2023/texmf-dist/tex/latex/pgf/utilities/pgfrcs.sty (c:/texlive/2023/texmf-dist/tex/generic/pgf/utilities/pgfutil-common.tex
\pgfutil@everybye=\toks35
\pgfutil@tempdima=\dimen155
\pgfutil@tempdimb=\dimen156
) (c:/texlive/2023/texmf-dist/tex/generic/pgf/utilities/pgfutil-latex.def
\pgfutil@abb=\box56
) (c:/texlive/2023/texmf-dist/tex/generic/pgf/utilities/pgfrcs.code.tex (c:/texlive/2023/texmf-dist/tex/generic/pgf/pgf.revision.tex)
Package: pgfrcs 2023-01-15 v3.1.10 (3.1.10)
))
Package: pgf 2023-01-15 v3.1.10 (3.1.10)
 (c:/texlive/2023/texmf-dist/tex/latex/pgf/basiclayer/pgfcore.sty (c:/texlive/2023/texmf-dist/tex/latex/pgf/systemlayer/pgfsys.sty (c:/texlive/2023/texmf-dist/tex/generic/pgf/systemlayer/pgfsys.code.tex
Package: pgfsys 2023-01-15 v3.1.10 (3.1.10)
 (c:/texlive/2023/texmf-dist/tex/generic/pgf/utilities/pgfkeys.code.tex
\pgfkeys@pathtoks=\toks36
\pgfkeys@temptoks=\toks37
 (c:/texlive/2023/texmf-dist/tex/generic/pgf/utilities/pgfkeyslibraryfiltered.code.tex
\pgfkeys@tmptoks=\toks38
))
\pgf@x=\dimen157
\pgf@y=\dimen158
\pgf@xa=\dimen159
\pgf@ya=\dimen160
\pgf@xb=\dimen161
\pgf@yb=\dimen162
\pgf@xc=\dimen163
\pgf@yc=\dimen164
\pgf@xd=\dimen165
\pgf@yd=\dimen166
\w@pgf@writea=\write4
\r@pgf@reada=\read2
\c@pgf@counta=\count277
\c@pgf@countb=\count278
\c@pgf@countc=\count279
\c@pgf@countd=\count280
\t@pgf@toka=\toks39
\t@pgf@tokb=\toks40
\t@pgf@tokc=\toks41
\pgf@sys@id@count=\count281
 (c:/texlive/2023/texmf-dist/tex/generic/pgf/systemlayer/pgf.cfg
File: pgf.cfg 2023-01-15 v3.1.10 (3.1.10)
)
Driver file for pgf: pgfsys-dvipdfmx.def
 (c:/texlive/2023/texmf-dist/tex/generic/pgf/systemlayer/pgfsys-dvipdfmx.def
File: pgfsys-dvipdfmx.def 2023-01-15 v3.1.10 (3.1.10)
 (c:/texlive/2023/texmf-dist/tex/generic/pgf/systemlayer/pgfsys-common-pdf.def
File: pgfsys-common-pdf.def 2023-01-15 v3.1.10 (3.1.10)
)
\pgfsys@objnum=\count282
)) (c:/texlive/2023/texmf-dist/tex/generic/pgf/systemlayer/pgfsyssoftpath.code.tex
File: pgfsyssoftpath.code.tex 2023-01-15 v3.1.10 (3.1.10)
\pgfsyssoftpath@smallbuffer@items=\count283
\pgfsyssoftpath@bigbuffer@items=\count284
) (c:/texlive/2023/texmf-dist/tex/generic/pgf/systemlayer/pgfsysprotocol.code.tex
File: pgfsysprotocol.code.tex 2023-01-15 v3.1.10 (3.1.10)
)) (c:/texlive/2023/texmf-dist/tex/latex/xcolor/xcolor.sty
Package: xcolor 2022/06/12 v2.14 LaTeX color extensions (UK)
 (c:/texlive/2023/texmf-dist/tex/latex/graphics-cfg/color.cfg
File: color.cfg 2016/01/02 v1.6 sample color configuration
)
Package xcolor Info: Driver file: dvips.def on input line 227.
 (c:/texlive/2023/texmf-dist/tex/latex/graphics-def/dvips.def
File: dvips.def 2022/09/22 v3.1e Graphics/color driver for dvips
)
LaTeX Info: Redefining \color on input line 711.
 (c:/texlive/2023/texmf-dist/tex/latex/graphics/mathcolor.ltx)
Package xcolor Info: Model `cmy' substituted by `cmy0' on input line 1353.
Package xcolor Info: Model `RGB' extended on input line 1369.
Package xcolor Info: Model `HTML' substituted by `rgb' on input line 1371.
Package xcolor Info: Model `Hsb' substituted by `hsb' on input line 1372.
Package xcolor Info: Model `tHsb' substituted by `hsb' on input line 1373.
Package xcolor Info: Model `HSB' substituted by `hsb' on input line 1374.
Package xcolor Info: Model `Gray' substituted by `gray' on input line 1375.
Package xcolor Info: Model `wave' substituted by `hsb' on input line 1376.
) (c:/texlive/2023/texmf-dist/tex/generic/pgf/basiclayer/pgfcore.code.tex
Package: pgfcore 2023-01-15 v3.1.10 (3.1.10)
 (c:/texlive/2023/texmf-dist/tex/generic/pgf/math/pgfmath.code.tex (c:/texlive/2023/texmf-dist/tex/generic/pgf/math/pgfmathutil.code.tex) (c:/texlive/2023/texmf-dist/tex/generic/pgf/math/pgfmathparser.code.tex
\pgfmath@dimen=\dimen167
\pgfmath@count=\count285
\pgfmath@box=\box57
\pgfmath@toks=\toks42
\pgfmath@stack@operand=\toks43
\pgfmath@stack@operation=\toks44
) (c:/texlive/2023/texmf-dist/tex/generic/pgf/math/pgfmathfunctions.code.tex) (c:/texlive/2023/texmf-dist/tex/generic/pgf/math/pgfmathfunctions.basic.code.tex) (c:/texlive/2023/texmf-dist/tex/generic/pgf/math/pgfmathfunctions.trigonometric.code.tex) (c:/texlive/2023/texmf-dist/tex/generic/pgf/math/pgfmathfunctions.random.code.tex) (c:/texlive/2023/texmf-dist/tex/generic/pgf/math/pgfmathfunctions.comparison.code.tex) (c:/texlive/2023/texmf-dist/tex/generic/pgf/math/pgfmathfunctions.base.code.tex) (c:/texlive/2023/texmf-dist/tex/generic/pgf/math/pgfmathfunctions.round.code.tex) (c:/texlive/2023/texmf-dist/tex/generic/pgf/math/pgfmathfunctions.misc.code.tex) (c:/texlive/2023/texmf-dist/tex/generic/pgf/math/pgfmathfunctions.integerarithmetics.code.tex) (c:/texlive/2023/texmf-dist/tex/generic/pgf/math/pgfmathcalc.code.tex) (c:/texlive/2023/texmf-dist/tex/generic/pgf/math/pgfmathfloat.code.tex
\c@pgfmathroundto@lastzeros=\count286
)) (c:/texlive/2023/texmf-dist/tex/generic/pgf/math/pgfint.code.tex) (c:/texlive/2023/texmf-dist/tex/generic/pgf/basiclayer/pgfcorepoints.code.tex
File: pgfcorepoints.code.tex 2023-01-15 v3.1.10 (3.1.10)
\pgf@picminx=\dimen168
\pgf@picmaxx=\dimen169
\pgf@picminy=\dimen170
\pgf@picmaxy=\dimen171
\pgf@pathminx=\dimen172
\pgf@pathmaxx=\dimen173
\pgf@pathminy=\dimen174
\pgf@pathmaxy=\dimen175
\pgf@xx=\dimen176
\pgf@xy=\dimen177
\pgf@yx=\dimen178
\pgf@yy=\dimen179
\pgf@zx=\dimen180
\pgf@zy=\dimen181
) (c:/texlive/2023/texmf-dist/tex/generic/pgf/basiclayer/pgfcorepathconstruct.code.tex
File: pgfcorepathconstruct.code.tex 2023-01-15 v3.1.10 (3.1.10)
\pgf@path@lastx=\dimen182
\pgf@path@lasty=\dimen183
) (c:/texlive/2023/texmf-dist/tex/generic/pgf/basiclayer/pgfcorepathusage.code.tex
File: pgfcorepathusage.code.tex 2023-01-15 v3.1.10 (3.1.10)
\pgf@shorten@end@additional=\dimen184
\pgf@shorten@start@additional=\dimen185
) (c:/texlive/2023/texmf-dist/tex/generic/pgf/basiclayer/pgfcorescopes.code.tex
File: pgfcorescopes.code.tex 2023-01-15 v3.1.10 (3.1.10)
\pgfpic=\box58
\pgf@hbox=\box59
\pgf@layerbox@main=\box60
\pgf@picture@serial@count=\count287
) (c:/texlive/2023/texmf-dist/tex/generic/pgf/basiclayer/pgfcoregraphicstate.code.tex
File: pgfcoregraphicstate.code.tex 2023-01-15 v3.1.10 (3.1.10)
\pgflinewidth=\dimen186
) (c:/texlive/2023/texmf-dist/tex/generic/pgf/basiclayer/pgfcoretransformations.code.tex
File: pgfcoretransformations.code.tex 2023-01-15 v3.1.10 (3.1.10)
\pgf@pt@x=\dimen187
\pgf@pt@y=\dimen188
\pgf@pt@temp=\dimen189
) (c:/texlive/2023/texmf-dist/tex/generic/pgf/basiclayer/pgfcorequick.code.tex
File: pgfcorequick.code.tex 2023-01-15 v3.1.10 (3.1.10)
) (c:/texlive/2023/texmf-dist/tex/generic/pgf/basiclayer/pgfcoreobjects.code.tex
File: pgfcoreobjects.code.tex 2023-01-15 v3.1.10 (3.1.10)
) (c:/texlive/2023/texmf-dist/tex/generic/pgf/basiclayer/pgfcorepathprocessing.code.tex
File: pgfcorepathprocessing.code.tex 2023-01-15 v3.1.10 (3.1.10)
) (c:/texlive/2023/texmf-dist/tex/generic/pgf/basiclayer/pgfcorearrows.code.tex
File: pgfcorearrows.code.tex 2023-01-15 v3.1.10 (3.1.10)
\pgfarrowsep=\dimen190
) (c:/texlive/2023/texmf-dist/tex/generic/pgf/basiclayer/pgfcoreshade.code.tex
File: pgfcoreshade.code.tex 2023-01-15 v3.1.10 (3.1.10)
\pgf@max=\dimen191
\pgf@sys@shading@range@num=\count288
\pgf@shadingcount=\count289
) (c:/texlive/2023/texmf-dist/tex/generic/pgf/basiclayer/pgfcoreimage.code.tex
File: pgfcoreimage.code.tex 2023-01-15 v3.1.10 (3.1.10)
) (c:/texlive/2023/texmf-dist/tex/generic/pgf/basiclayer/pgfcoreexternal.code.tex
File: pgfcoreexternal.code.tex 2023-01-15 v3.1.10 (3.1.10)
\pgfexternal@startupbox=\box61
) (c:/texlive/2023/texmf-dist/tex/generic/pgf/basiclayer/pgfcorelayers.code.tex
File: pgfcorelayers.code.tex 2023-01-15 v3.1.10 (3.1.10)
) (c:/texlive/2023/texmf-dist/tex/generic/pgf/basiclayer/pgfcoretransparency.code.tex
File: pgfcoretransparency.code.tex 2023-01-15 v3.1.10 (3.1.10)
) (c:/texlive/2023/texmf-dist/tex/generic/pgf/basiclayer/pgfcorepatterns.code.tex
File: pgfcorepatterns.code.tex 2023-01-15 v3.1.10 (3.1.10)
) (c:/texlive/2023/texmf-dist/tex/generic/pgf/basiclayer/pgfcorerdf.code.tex
File: pgfcorerdf.code.tex 2023-01-15 v3.1.10 (3.1.10)
))) (c:/texlive/2023/texmf-dist/tex/generic/pgf/modules/pgfmoduleshapes.code.tex
File: pgfmoduleshapes.code.tex 2023-01-15 v3.1.10 (3.1.10)
\pgfnodeparttextbox=\box62
) (c:/texlive/2023/texmf-dist/tex/generic/pgf/modules/pgfmoduleplot.code.tex
File: pgfmoduleplot.code.tex 2023-01-15 v3.1.10 (3.1.10)
) (c:/texlive/2023/texmf-dist/tex/latex/pgf/compatibility/pgfcomp-version-0-65.sty
Package: pgfcomp-version-0-65 2023-01-15 v3.1.10 (3.1.10)
\pgf@nodesepstart=\dimen192
\pgf@nodesepend=\dimen193
) (c:/texlive/2023/texmf-dist/tex/latex/pgf/compatibility/pgfcomp-version-1-18.sty
Package: pgfcomp-version-1-18 2023-01-15 v3.1.10 (3.1.10)
)) (c:/texlive/2023/texmf-dist/tex/latex/pgf/utilities/pgffor.sty (c:/texlive/2023/texmf-dist/tex/latex/pgf/utilities/pgfkeys.sty (c:/texlive/2023/texmf-dist/tex/generic/pgf/utilities/pgfkeys.code.tex)) (c:/texlive/2023/texmf-dist/tex/latex/pgf/math/pgfmath.sty (c:/texlive/2023/texmf-dist/tex/generic/pgf/math/pgfmath.code.tex)) (c:/texlive/2023/texmf-dist/tex/generic/pgf/utilities/pgffor.code.tex
Package: pgffor 2023-01-15 v3.1.10 (3.1.10)
\pgffor@iter=\dimen194
\pgffor@skip=\dimen195
\pgffor@stack=\toks45
\pgffor@toks=\toks46
)) (c:/texlive/2023/texmf-dist/tex/generic/pgf/frontendlayer/tikz/tikz.code.tex
Package: tikz 2023-01-15 v3.1.10 (3.1.10)
 (c:/texlive/2023/texmf-dist/tex/generic/pgf/libraries/pgflibraryplothandlers.code.tex
File: pgflibraryplothandlers.code.tex 2023-01-15 v3.1.10 (3.1.10)
\pgf@plot@mark@count=\count290
\pgfplotmarksize=\dimen196
)
\tikz@lastx=\dimen197
\tikz@lasty=\dimen198
\tikz@lastxsaved=\dimen199
\tikz@lastysaved=\dimen256
\tikz@lastmovetox=\dimen257
\tikz@lastmovetoy=\dimen258
\tikzleveldistance=\dimen259
\tikzsiblingdistance=\dimen260
\tikz@figbox=\box63
\tikz@figbox@bg=\box64
\tikz@tempbox=\box65
\tikz@tempbox@bg=\box66
\tikztreelevel=\count291
\tikznumberofchildren=\count292
\tikznumberofcurrentchild=\count293
\tikz@fig@count=\count294
 (c:/texlive/2023/texmf-dist/tex/generic/pgf/modules/pgfmodulematrix.code.tex
File: pgfmodulematrix.code.tex 2023-01-15 v3.1.10 (3.1.10)
\pgfmatrixcurrentrow=\count295
\pgfmatrixcurrentcolumn=\count296
\pgf@matrix@numberofcolumns=\count297
)
\tikz@expandcount=\count298
 (c:/texlive/2023/texmf-dist/tex/generic/pgf/frontendlayer/tikz/libraries/tikzlibrarytopaths.code.tex
File: tikzlibrarytopaths.code.tex 2023-01-15 v3.1.10 (3.1.10)
))) (c:/texlive/2023/texmf-dist/tex/generic/pgf/libraries/pgflibraryarrows.meta.code.tex
File: pgflibraryarrows.meta.code.tex 2023-01-15 v3.1.10 (3.1.10)
\pgfarrowinset=\dimen261
\pgfarrowlength=\dimen262
\pgfarrowwidth=\dimen263
\pgfarrowlinewidth=\dimen264
) (c:/texlive/2023/texmf-dist/tex/generic/pgf/frontendlayer/tikz/libraries/tikzlibrarybending.code.tex
File: tikzlibrarybending.code.tex 2023-01-15 v3.1.10 (3.1.10)
 (c:/texlive/2023/texmf-dist/tex/generic/pgf/modules/pgfmodulebending.code.tex
File: pgfmodulebending.code.tex 2023-01-15 v3.1.10 (3.1.10)
 (c:/texlive/2023/texmf-dist/tex/generic/pgf/modules/pgfmodulenonlineartransformations.code.tex
File: pgfmodulenonlineartransformations.code.tex 2023-01-15 v3.1.10 (3.1.10)
\pgftransformnonlinearflatness=\dimen265
) (c:/texlive/2023/texmf-dist/tex/generic/pgf/libraries/pgflibrarycurvilinear.code.tex
File: pgflibrarycurvilinear.code.tex 2023-01-15 v3.1.10 (3.1.10)
\pgf@curvilinear@time@a=\dimen266
\pgf@curvilinear@length@a=\dimen267
\pgf@curvilinear@length@b=\dimen268
\pgf@curvilinear@length@c=\dimen269
\pgf@curvilinear@length@d=\dimen270
)
\pgf@arrows@the@rigidity=\dimen271
)) (c:/texlive/2023/texmf-dist/tex/generic/dvips/colordvi.tex) (c:/texlive/2023/texmf-dist/tex/generic/ulem/ulem.sty
\UL@box=\box67
\UL@hyphenbox=\box68
\UL@skip=\skip55
\UL@hook=\toks47
\UL@height=\dimen272
\UL@pe=\count299
\UL@pixel=\dimen273
\ULC@box=\box69
Package: ulem 2019/11/18
\ULdepth=\dimen274
) (c:/texlive/2023/texmf-dist/tex/latex/ascmac/ascmac.sty
Package: ascmac 2020/01/15 v2.1 ascmac wrapper (community edition) 
 (c:/texlive/2023/texmf-dist/tex/latex/ascmac/tascmac.sty
Package: tascmac 2020/01/15 v2.1 ascmac package (community edition) 
Package tascmac Info: Assuming pdfLaTeX, XeLaTeX or LuaLaTeX on input line 44.
\scb@x=\box70
\scscb@x=\box71
\@bw=\dimen275
\@nbox=\box72
\@nbody=\box73
\@scw=\dimen276
\ascmac@hoboxa=\box74
\ascmac@hoboxb=\box75
\@itemh=\dimen277
\@iboxpos=\toks48
\@iboxstr=\box76
\@bwsp=\box77
\@@bwsp=\box78
\@bcal=\count300
\shaderule=\dimen278
)) (c:/texlive/2023/texmf-dist/tex/latex/framed/framed.sty
Package: framed 2011/10/22 v 0.96: framed or shaded text with page breaks
\OuterFrameSep=\skip56
\fb@frw=\dimen279
\fb@frh=\dimen280
\FrameRule=\dimen281
\FrameSep=\dimen282
) (c:/texlive/2023/texmf-dist/tex/latex/tcolorbox/tcolorbox.sty
Package: tcolorbox 2023/03/17 version 6.0.3 text color boxes
 (c:/texlive/2023/texmf-dist/tex/latex/tools/verbatim.sty
Package: verbatim 2022-07-02 v1.5u LaTeX2e package for verbatim enhancements
\every@verbatim=\toks49
\verbatim@line=\toks50
\verbatim@in@stream=\read3
) (c:/texlive/2023/texmf-dist/tex/latex/environ/environ.sty
Package: environ 2014/05/04 v0.3 A new way to define environments
 (c:/texlive/2023/texmf-dist/tex/latex/trimspaces/trimspaces.sty
Package: trimspaces 2009/09/17 v1.1 Trim spaces around a token list
))
\tcb@titlebox=\box79
\tcb@upperbox=\box80
\tcb@lowerbox=\box81
\tcb@phantombox=\box82
\c@tcbbreakpart=\count301
\c@tcblayer=\count302
\c@tcolorbox@number=\count303
\tcb@temp=\box83
\tcb@temp=\box84
\tcb@temp=\box85
\tcb@temp=\box86
) (c:/texlive/2023/texmf-dist/tex/latex/tcolorbox/tcbtheorems.code.tex
Library (tcolorbox): 'tcbtheorems.code.tex' version '6.0.3'
) (c:/texlive/2023/texmf-dist/tex/latex/tcolorbox/tcbskins.code.tex
Library (tcolorbox): 'tcbskins.code.tex' version '6.0.3'
(c:/texlive/2023/texmf-dist/tex/latex/tikzfill/tikzfill.image.sty
Package: tikzfill.image 2022/07/20 v1.0.0 Image filling library for TikZ
 (c:/texlive/2023/texmf-dist/tex/latex/tikzfill/tikzfill-common.sty
Package: tikzfill-common 2022/07/20 v1.0.0 Auxiliary code for tikzfill
) (c:/texlive/2023/texmf-dist/tex/latex/tikzfill/tikzlibraryfill.image.code.tex
File: tikzlibraryfill.image.code.tex 2022/07/20 v1.0.0 Image filling library
\l__tikzfill_img_box=\box87
)) (c:/texlive/2023/texmf-dist/tex/latex/tcolorbox/tcbskinsjigsaw.code.tex
Library (tcolorbox): 'tcbskinsjigsaw.code.tex' version '6.0.3'
))
\c@thm=\count304


c:/Users/mamex/Documents/TeX/linear-algebra/L-Alg.tex:31: LaTeX Error: No counter 'section' defined.

See the LaTeX manual or LaTeX Companion for explanation.
Type  H <return>  for immediate help.
 ...                                              
                                                  
l.31 \newtheorem{thm}{ÂÆöÁêÜ}[section]
                                      %„Åì„Çå„Åß(„Çª„ÇØ„Ç∑„Éß„É≥Áï™Âè∑.ÂÆöÁê...
Your command was ignored.
Type  I <command> <return>  to replace it with another command,
or  <return>  to continue without it.


c:/Users/mamex/Documents/TeX/linear-algebra/L-Alg.tex:56: LaTeX Error: Command \prechaptername undefined.

See the LaTeX manual or LaTeX Companion for explanation.
Type  H <return>  for immediate help.
 ...                                              
                                                  
l.56 \renewcommand{\prechaptername}
                                   {Á¨¨}
Try typing  <return>  to proceed.
If that doesn't work, type  X <return>  to quit.


c:/Users/mamex/Documents/TeX/linear-algebra/L-Alg.tex:57: LaTeX Error: Command \postchaptername undefined.

See the LaTeX manual or LaTeX Companion for explanation.
Type  H <return>  for immediate help.
 ...                                              
                                                  
l.57 \renewcommand{\postchaptername}
                                    {ÈÉ®}
Try typing  <return>  to proceed.
If that doesn't work, type  X <return>  to quit.


c:/Users/mamex/Documents/TeX/linear-algebra/L-Alg.tex:61: LaTeX Error: Command \labelenumi undefined.

See the LaTeX manual or LaTeX Companion for explanation.
Type  H <return>  for immediate help.
 ...                                              
                                                  
l.61 \renewcommand{\labelenumi}
                               {(\theenumi)}
Try typing  <return>  to proceed.
If that doesn't work, type  X <return>  to quit.


c:/Users/mamex/Documents/TeX/linear-algebra/L-Alg.tex:63: LaTeX Error: No counter '?' defined.

See the LaTeX manual or LaTeX Companion for explanation.
Type  H <return>  for immediate help.
 ...                                              
                                                  
l.63 \numberwithin{equation}{section}
                                     %Êï∞ÂºèÁï™Âè∑„Çí(n.m)„ÅÆÂΩ¢„ÅßÊõ∏„Åè„ÄÇ
Your command was ignored.
Type  I <command> <return>  to replace it with another command,
or  <return>  to continue without it.


c:/Users/mamex/Documents/TeX/linear-algebra/L-Alg.tex:63: LaTeX Error: Missing \begin{document}.

See the LaTeX manual or LaTeX Companion for explanation.
Type  H <return>  for immediate help.
 ...                                              
                                                  
l.63 \numberwithin{equation}{section}
                                     %Êï∞ÂºèÁï™Âè∑„Çí(n.m)„ÅÆÂΩ¢„ÅßÊõ∏„Åè„ÄÇ
You're in trouble here.  Try typing  <return>  to proceed.
If that doesn't work, type  X <return>  to quit.

Missing character: There is no s in font nullfont!
Missing character: There is no e in font nullfont!
Missing character: There is no c in font nullfont!
Missing character: There is no t in font nullfont!
Missing character: There is no i in font nullfont!
Missing character: There is no o in font nullfont!
Missing character: There is no n in font nullfont!

Overfull \hbox (20.0pt too wide) in paragraph at lines 63--64
[] 
 []

(c:/texlive/2023/texmf-dist/tex/latex/l3backend/l3backend-dvips.def
File: l3backend-dvips.def 2023-04-19 L3 backend support: dvips
\l__pdf_internal_box=\box88
\g__pdf_backend_object_int=\count305
\l__pdf_backend_content_box=\box89
\l__pdf_backend_model_box=\box90
\g__pdf_backend_annotation_int=\count306
\g__pdf_backend_link_int=\count307
\g__pdf_backend_link_sf_int=\count308
) (out/L-Alg.aux)
\openout1 = `L-Alg.aux'.

LaTeX Font Info:    Checking defaults for OML/cmm/m/it on input line 77.
LaTeX Font Info:    ... okay on input line 77.
LaTeX Font Info:    Checking defaults for OMS/cmsy/m/n on input line 77.
LaTeX Font Info:    ... okay on input line 77.
LaTeX Font Info:    Checking defaults for OT1/cmr/m/n on input line 77.
LaTeX Font Info:    ... okay on input line 77.
LaTeX Font Info:    Checking defaults for T1/cmr/m/n on input line 77.
LaTeX Font Info:    ... okay on input line 77.
LaTeX Font Info:    Checking defaults for TS1/cmr/m/n on input line 77.
LaTeX Font Info:    ... okay on input line 77.
LaTeX Font Info:    Checking defaults for OMX/cmex/m/n on input line 77.
LaTeX Font Info:    ... okay on input line 77.
LaTeX Font Info:    Checking defaults for U/cmr/m/n on input line 77.
LaTeX Font Info:    ... okay on input line 77.
LaTeX Font Info:    Checking defaults for PD1/pdf/m/n on input line 77.
LaTeX Font Info:    ... okay on input line 77.
LaTeX Font Info:    Checking defaults for PU/pdf/m/n on input line 77.
LaTeX Font Info:    ... okay on input line 77.


c:/Users/mamex/Documents/TeX/linear-algebra/L-Alg.tex:77: LaTeX Error: The font size command \normalsize is not defined:
               there is probably something wrong with the class file.

See the LaTeX manual or LaTeX Companion for explanation.
Type  H <return>  for immediate help.
 ...                                              
                                                  
l.77 \begin{document}
                     
Your command was ignored.
Type  I <command> <return>  to replace it with another command,
or  <return>  to continue without it.


Package hyperref Warning: Height of page (\paperheight) is invalid (0.0pt),
(hyperref)                using 11in.

Package hyperref Info: Link coloring OFF on input line 77.
(out/L-Alg.out) (out/L-Alg.out)
\@outlinefile=\write5
\openout5 = `L-Alg.out'.


c:/Users/mamex/Documents/TeX/linear-algebra/L-Alg.tex:79: Undefined control sequence.
\reserved@c ->\HyOrg@maketitle 
                               \Hy@maketitle@end 
l.79 
     
The control sequence at the end of the top line
of your error message was never \def'ed. If you have
misspelled it (e.g., `\hobx'), type `I' and the correct
spelling (e.g., `I\hbox'). Otherwise just continue,
and I'll forget about whatever was undefined.


c:/Users/mamex/Documents/TeX/linear-algebra/L-Alg.tex:80: LaTeX Error: Environment abstract undefined.

See the LaTeX manual or LaTeX Companion for explanation.
Type  H <return>  for immediate help.
 ...                                              
                                                  
l.80 \begin{abstract}
                     
Your command was ignored.
Type  I <command> <return>  to replace it with another command,
or  <return>  to continue without it.


c:/Users/mamex/Documents/TeX/linear-algebra/L-Alg.tex:81: LaTeX Error: Unicode character Ë°® (U+8868)
               not set up for use with LaTeX.

See the LaTeX manual or LaTeX Companion for explanation.
Type  H <return>  for immediate help.
 ...                                              
                                                  
l.81 Ë°®
        È°å„Å´„ÅØAIÂÖ•ÈñÄ„Å®ÈäòÊâì„Å£„Å¶„ÅÇ„Çã„ÅåÁßÅ„ÅåAI„Å´„Å§„ÅÑ„Å¶Ë©≥„Åó„...
You may provide a definition with
\DeclareUnicodeCharacter 


c:/Users/mamex/Documents/TeX/linear-algebra/L-Alg.tex:81: LaTeX Error: Unicode character È°å (U+984C)
               not set up for use with LaTeX.

See the LaTeX manual or LaTeX Companion for explanation.
Type  H <return>  for immediate help.
 ...                                              
                                                  
l.81 Ë°®È°å
           „Å´„ÅØAIÂÖ•ÈñÄ„Å®ÈäòÊâì„Å£„Å¶„ÅÇ„Çã„ÅåÁßÅ„ÅåAI„Å´„Å§„ÅÑ„Å¶Ë©≥„Åó„...
You may provide a definition with
\DeclareUnicodeCharacter 


c:/Users/mamex/Documents/TeX/linear-algebra/L-Alg.tex:81: LaTeX Error: Unicode character „Å´ (U+306B)
               not set up for use with LaTeX.

See the LaTeX manual or LaTeX Companion for explanation.
Type  H <return>  for immediate help.
 ...                                              
                                                  
l.81 Ë°®È°å„Å´
              „ÅØAIÂÖ•ÈñÄ„Å®ÈäòÊâì„Å£„Å¶„ÅÇ„Çã„ÅåÁßÅ„ÅåAI„Å´„Å§„ÅÑ„Å¶Ë©≥„Åó„...
You may provide a definition with
\DeclareUnicodeCharacter 


c:/Users/mamex/Documents/TeX/linear-algebra/L-Alg.tex:81: LaTeX Error: Unicode character „ÅØ (U+306F)
               not set up for use with LaTeX.

See the LaTeX manual or LaTeX Companion for explanation.
Type  H <return>  for immediate help.
 ...                                              
                                                  
l.81 Ë°®È°å„Å´„ÅØ
                 AIÂÖ•ÈñÄ„Å®ÈäòÊâì„Å£„Å¶„ÅÇ„Çã„ÅåÁßÅ„ÅåAI„Å´„Å§„ÅÑ„Å¶Ë©≥„Åó„...
You may provide a definition with
\DeclareUnicodeCharacter 


c:/Users/mamex/Documents/TeX/linear-algebra/L-Alg.tex:81: LaTeX Error: Unicode character ÂÖ• (U+5165)
               not set up for use with LaTeX.

See the LaTeX manual or LaTeX Companion for explanation.
Type  H <return>  for immediate help.
 ...                                              
                                                  
l.81 Ë°®È°å„Å´„ÅØAIÂÖ•
                      ÈñÄ„Å®ÈäòÊâì„Å£„Å¶„ÅÇ„Çã„ÅåÁßÅ„ÅåAI„Å´„Å§„ÅÑ„Å¶Ë©≥„Åó„...
You may provide a definition with
\DeclareUnicodeCharacter 


c:/Users/mamex/Documents/TeX/linear-algebra/L-Alg.tex:81: LaTeX Error: Unicode character ÈñÄ (U+9580)
               not set up for use with LaTeX.

See the LaTeX manual or LaTeX Companion for explanation.
Type  H <return>  for immediate help.
 ...                                              
                                                  
l.81 Ë°®È°å„Å´„ÅØAIÂÖ•ÈñÄ
                         „Å®ÈäòÊâì„Å£„Å¶„ÅÇ„Çã„ÅåÁßÅ„ÅåAI„Å´„Å§„ÅÑ„Å¶Ë©≥„Åó„...
You may provide a definition with
\DeclareUnicodeCharacter 


c:/Users/mamex/Documents/TeX/linear-algebra/L-Alg.tex:81: LaTeX Error: Unicode character „Å® (U+3068)
               not set up for use with LaTeX.

See the LaTeX manual or LaTeX Companion for explanation.
Type  H <return>  for immediate help.
 ...                                              
                                                  
l.81 Ë°®È°å„Å´„ÅØAIÂÖ•ÈñÄ„Å®
                            ÈäòÊâì„Å£„Å¶„ÅÇ„Çã„ÅåÁßÅ„ÅåAI„Å´„Å§„ÅÑ„Å¶Ë©≥„Åó„...
You may provide a definition with
\DeclareUnicodeCharacter 


c:/Users/mamex/Documents/TeX/linear-algebra/L-Alg.tex:81: LaTeX Error: Unicode character Èäò (U+9298)
               not set up for use with LaTeX.

See the LaTeX manual or LaTeX Companion for explanation.
Type  H <return>  for immediate help.
 ...                                              
                                                  
l.81 Ë°®È°å„Å´„ÅØAIÂÖ•ÈñÄ„Å®Èäò
                               Êâì„Å£„Å¶„ÅÇ„Çã„ÅåÁßÅ„ÅåAI„Å´„Å§„ÅÑ„Å¶Ë©≥„Åó„...
You may provide a definition with
\DeclareUnicodeCharacter 


c:/Users/mamex/Documents/TeX/linear-algebra/L-Alg.tex:81: LaTeX Error: Unicode character Êâì (U+6253)
               not set up for use with LaTeX.

See the LaTeX manual or LaTeX Companion for explanation.
Type  H <return>  for immediate help.
 ...                                              
                                                  
l.81 Ë°®È°å„Å´„ÅØAIÂÖ•ÈñÄ„Å®ÈäòÊâì
                                  „Å£„Å¶„ÅÇ„Çã„ÅåÁßÅ„ÅåAI„Å´„Å§„ÅÑ„Å¶Ë©≥„Åó„...
You may provide a definition with
\DeclareUnicodeCharacter 


c:/Users/mamex/Documents/TeX/linear-algebra/L-Alg.tex:81: LaTeX Error: Unicode character „Å£ (U+3063)
               not set up for use with LaTeX.

See the LaTeX manual or LaTeX Companion for explanation.
Type  H <return>  for immediate help.
 ...                                              
                                                  
l.81 Ë°®È°å„Å´„ÅØAIÂÖ•ÈñÄ„Å®ÈäòÊâì„Å£
                                     „Å¶„ÅÇ„Çã„ÅåÁßÅ„ÅåAI„Å´„Å§„ÅÑ„Å¶Ë©≥„Åó„...
You may provide a definition with
\DeclareUnicodeCharacter 


c:/Users/mamex/Documents/TeX/linear-algebra/L-Alg.tex:81: LaTeX Error: Unicode character „Å¶ (U+3066)
               not set up for use with LaTeX.

See the LaTeX manual or LaTeX Companion for explanation.
Type  H <return>  for immediate help.
 ...                                              
                                                  
l.81 Ë°®È°å„Å´„ÅØAIÂÖ•ÈñÄ„Å®ÈäòÊâì„Å£„Å¶
                                        „ÅÇ„Çã„ÅåÁßÅ„ÅåAI„Å´„Å§„ÅÑ„Å¶Ë©≥„Åó„...
You may provide a definition with
\DeclareUnicodeCharacter 


c:/Users/mamex/Documents/TeX/linear-algebra/L-Alg.tex:81: LaTeX Error: Unicode character „ÅÇ (U+3042)
               not set up for use with LaTeX.

See the LaTeX manual or LaTeX Companion for explanation.
Type  H <return>  for immediate help.
 ...                                              
                                                  
l.81 Ë°®È°å„Å´„ÅØAIÂÖ•ÈñÄ„Å®ÈäòÊâì„Å£„Å¶„ÅÇ
                                           „Çã„ÅåÁßÅ„ÅåAI„Å´„Å§„ÅÑ„Å¶Ë©≥„Åó„...
You may provide a definition with
\DeclareUnicodeCharacter 


c:/Users/mamex/Documents/TeX/linear-algebra/L-Alg.tex:81: LaTeX Error: Unicode character „Çã (U+308B)
               not set up for use with LaTeX.

See the LaTeX manual or LaTeX Companion for explanation.
Type  H <return>  for immediate help.
 ...                                              
                                                  
l.81 Ë°®È°å„Å´„ÅØAIÂÖ•ÈñÄ„Å®ÈäòÊâì„Å£„Å¶„ÅÇ„Çã
                                              „ÅåÁßÅ„ÅåAI„Å´„Å§„ÅÑ„Å¶Ë©≥„Åó„...
You may provide a definition with
\DeclareUnicodeCharacter 


c:/Users/mamex/Documents/TeX/linear-algebra/L-Alg.tex:81: LaTeX Error: Unicode character „Åå (U+304C)
               not set up for use with LaTeX.

See the LaTeX manual or LaTeX Companion for explanation.
Type  H <return>  for immediate help.
 ...                                              
                                                  
l.81 Ë°®È°å„Å´„ÅØAIÂÖ•ÈñÄ„Å®ÈäòÊâì„Å£„Å¶„ÅÇ„Çã„Åå
                                                 ÁßÅ„ÅåAI„Å´„Å§„ÅÑ„Å¶Ë©≥„Åó„...
You may provide a definition with
\DeclareUnicodeCharacter 


c:/Users/mamex/Documents/TeX/linear-algebra/L-Alg.tex:81: LaTeX Error: Unicode character ÁßÅ (U+79C1)
               not set up for use with LaTeX.

See the LaTeX manual or LaTeX Companion for explanation.
Type  H <return>  for immediate help.
 ...                                              
                                                  
l.81 ...å„Å´„ÅØAIÂÖ•ÈñÄ„Å®ÈäòÊâì„Å£„Å¶„ÅÇ„Çã„ÅåÁßÅ
                                                  „ÅåAI„Å´„Å§„ÅÑ„Å¶Ë©≥„Åó„Åè...
You may provide a definition with
\DeclareUnicodeCharacter 


c:/Users/mamex/Documents/TeX/linear-algebra/L-Alg.tex:81: LaTeX Error: Unicode character „Åå (U+304C)
               not set up for use with LaTeX.

See the LaTeX manual or LaTeX Companion for explanation.
Type  H <return>  for immediate help.
 ...                                              
                                                  
l.81 ...´„ÅØAIÂÖ•ÈñÄ„Å®ÈäòÊâì„Å£„Å¶„ÅÇ„Çã„ÅåÁßÅ„Åå
                                                  AI„Å´„Å§„ÅÑ„Å¶Ë©≥„Åó„Åè„Å™...
You may provide a definition with
\DeclareUnicodeCharacter 


c:/Users/mamex/Documents/TeX/linear-algebra/L-Alg.tex:81: LaTeX Error: Unicode character „Å´ (U+306B)
               not set up for use with LaTeX.

See the LaTeX manual or LaTeX Companion for explanation.
Type  H <return>  for immediate help.
 ...                                              
                                                  
l.81 ...IÂÖ•ÈñÄ„Å®ÈäòÊâì„Å£„Å¶„ÅÇ„Çã„ÅåÁßÅ„ÅåAI„Å´
                                                  „Å§„ÅÑ„Å¶Ë©≥„Åó„Åè„Å™„ÅÑ„Å...
You may provide a definition with
\DeclareUnicodeCharacter 


c:/Users/mamex/Documents/TeX/linear-algebra/L-Alg.tex:81: LaTeX Error: Unicode character „Å§ (U+3064)
               not set up for use with LaTeX.

See the LaTeX manual or LaTeX Companion for explanation.
Type  H <return>  for immediate help.
 ...                                              
                                                  
l.81 ...•ÈñÄ„Å®ÈäòÊâì„Å£„Å¶„ÅÇ„Çã„ÅåÁßÅ„ÅåAI„Å´„Å§
                                                  „ÅÑ„Å¶Ë©≥„Åó„Åè„Å™„ÅÑ„ÅÆ„Å...
You may provide a definition with
\DeclareUnicodeCharacter 


c:/Users/mamex/Documents/TeX/linear-algebra/L-Alg.tex:81: LaTeX Error: Unicode character „ÅÑ (U+3044)
               not set up for use with LaTeX.

See the LaTeX manual or LaTeX Companion for explanation.
Type  H <return>  for immediate help.
 ...                                              
                                                  
l.81 ...Ä„Å®ÈäòÊâì„Å£„Å¶„ÅÇ„Çã„ÅåÁßÅ„ÅåAI„Å´„Å§„ÅÑ
                                                  „Å¶Ë©≥„Åó„Åè„Å™„ÅÑ„ÅÆ„Åß„Ä...
You may provide a definition with
\DeclareUnicodeCharacter 


c:/Users/mamex/Documents/TeX/linear-algebra/L-Alg.tex:81: LaTeX Error: Unicode character „Å¶ (U+3066)
               not set up for use with LaTeX.

See the LaTeX manual or LaTeX Companion for explanation.
Type  H <return>  for immediate help.
 ...                                              
                                                  
l.81 ...®ÈäòÊâì„Å£„Å¶„ÅÇ„Çã„ÅåÁßÅ„ÅåAI„Å´„Å§„ÅÑ„Å¶
                                                  Ë©≥„Åó„Åè„Å™„ÅÑ„ÅÆ„Åß„ÄÅ„Å...
You may provide a definition with
\DeclareUnicodeCharacter 


c:/Users/mamex/Documents/TeX/linear-algebra/L-Alg.tex:81: LaTeX Error: Unicode character Ë©≥ (U+8A73)
               not set up for use with LaTeX.

See the LaTeX manual or LaTeX Companion for explanation.
Type  H <return>  for immediate help.
 ...                                              
                                                  
l.81 ...òÊâì„Å£„Å¶„ÅÇ„Çã„ÅåÁßÅ„ÅåAI„Å´„Å§„ÅÑ„Å¶Ë©≥
                                                  „Åó„Åè„Å™„ÅÑ„ÅÆ„Åß„ÄÅ„Åª„Å...
You may provide a definition with
\DeclareUnicodeCharacter 


c:/Users/mamex/Documents/TeX/linear-algebra/L-Alg.tex:81: LaTeX Error: Unicode character „Åó (U+3057)
               not set up for use with LaTeX.

See the LaTeX manual or LaTeX Companion for explanation.
Type  H <return>  for immediate help.
 ...                                              
                                                  
l.81 ...ì„Å£„Å¶„ÅÇ„Çã„ÅåÁßÅ„ÅåAI„Å´„Å§„ÅÑ„Å¶Ë©≥„Åó
                                                  „Åè„Å™„ÅÑ„ÅÆ„Åß„ÄÅ„Åª„Å®„Ç...
You may provide a definition with
\DeclareUnicodeCharacter 


c:/Users/mamex/Documents/TeX/linear-algebra/L-Alg.tex:81: LaTeX Error: Unicode character „Åè (U+304F)
               not set up for use with LaTeX.

See the LaTeX manual or LaTeX Companion for explanation.
Type  H <return>  for immediate help.
 ...                                              
                                                  
l.81 ...£„Å¶„ÅÇ„Çã„ÅåÁßÅ„ÅåAI„Å´„Å§„ÅÑ„Å¶Ë©≥„Åó„Åè
                                                  „Å™„ÅÑ„ÅÆ„Åß„ÄÅ„Åª„Å®„Çì„Å...
You may provide a definition with
\DeclareUnicodeCharacter 


c:/Users/mamex/Documents/TeX/linear-algebra/L-Alg.tex:81: LaTeX Error: Unicode character „Å™ (U+306A)
               not set up for use with LaTeX.

See the LaTeX manual or LaTeX Companion for explanation.
Type  H <return>  for immediate help.
 ...                                              
                                                  
l.81 ...¶„ÅÇ„Çã„ÅåÁßÅ„ÅåAI„Å´„Å§„ÅÑ„Å¶Ë©≥„Åó„Åè„Å™
                                                  „ÅÑ„ÅÆ„Åß„ÄÅ„Åª„Å®„Çì„Å©Á∑...
You may provide a definition with
\DeclareUnicodeCharacter 


c:/Users/mamex/Documents/TeX/linear-algebra/L-Alg.tex:81: LaTeX Error: Unicode character „ÅÑ (U+3044)
               not set up for use with LaTeX.

See the LaTeX manual or LaTeX Companion for explanation.
Type  H <return>  for immediate help.
 ...                                              
                                                  
l.81 ...Ç„Çã„ÅåÁßÅ„ÅåAI„Å´„Å§„ÅÑ„Å¶Ë©≥„Åó„Åè„Å™„ÅÑ
                                                  „ÅÆ„Åß„ÄÅ„Åª„Å®„Çì„Å©Á∑öÂΩ...
You may provide a definition with
\DeclareUnicodeCharacter 


c:/Users/mamex/Documents/TeX/linear-algebra/L-Alg.tex:81: LaTeX Error: Unicode character „ÅÆ (U+306E)
               not set up for use with LaTeX.

See the LaTeX manual or LaTeX Companion for explanation.
Type  H <return>  for immediate help.
 ...                                              
                                                  
l.81 ...ã„ÅåÁßÅ„ÅåAI„Å´„Å§„ÅÑ„Å¶Ë©≥„Åó„Åè„Å™„ÅÑ„ÅÆ
                                                  „Åß„ÄÅ„Åª„Å®„Çì„Å©Á∑öÂΩ¢‰ª...
You may provide a definition with
\DeclareUnicodeCharacter 


c:/Users/mamex/Documents/TeX/linear-algebra/L-Alg.tex:81: LaTeX Error: Unicode character „Åß (U+3067)
               not set up for use with LaTeX.

See the LaTeX manual or LaTeX Companion for explanation.
Type  H <return>  for immediate help.
 ...                                              
                                                  
l.81 ...åÁßÅ„ÅåAI„Å´„Å§„ÅÑ„Å¶Ë©≥„Åó„Åè„Å™„ÅÑ„ÅÆ„Åß
                                                  „ÄÅ„Åª„Å®„Çì„Å©Á∑öÂΩ¢‰ª£Êï...
You may provide a definition with
\DeclareUnicodeCharacter 


c:/Users/mamex/Documents/TeX/linear-algebra/L-Alg.tex:81: LaTeX Error: Unicode character „ÄÅ (U+3001)
               not set up for use with LaTeX.

See the LaTeX manual or LaTeX Companion for explanation.
Type  H <return>  for immediate help.
 ...                                              
                                                  
l.81 ...Å„ÅåAI„Å´„Å§„ÅÑ„Å¶Ë©≥„Åó„Åè„Å™„ÅÑ„ÅÆ„Åß„ÄÅ
                                                  „Åª„Å®„Çì„Å©Á∑öÂΩ¢‰ª£Êï∞„Å...
You may provide a definition with
\DeclareUnicodeCharacter 


c:/Users/mamex/Documents/TeX/linear-algebra/L-Alg.tex:81: LaTeX Error: Unicode character „Åª (U+307B)
               not set up for use with LaTeX.

See the LaTeX manual or LaTeX Companion for explanation.
Type  H <return>  for immediate help.
 ...                                              
                                                  
l.81 ...åAI„Å´„Å§„ÅÑ„Å¶Ë©≥„Åó„Åè„Å™„ÅÑ„ÅÆ„Åß„ÄÅ„Åª
                                                  „Å®„Çì„Å©Á∑öÂΩ¢‰ª£Êï∞„ÅÆÂü...
You may provide a definition with
\DeclareUnicodeCharacter 


c:/Users/mamex/Documents/TeX/linear-algebra/L-Alg.tex:81: LaTeX Error: Unicode character „Å® (U+3068)
               not set up for use with LaTeX.

See the LaTeX manual or LaTeX Companion for explanation.
Type  H <return>  for immediate help.
 ...                                              
                                                  
l.81 ...„Å´„Å§„ÅÑ„Å¶Ë©≥„Åó„Åè„Å™„ÅÑ„ÅÆ„Åß„ÄÅ„Åª„Å®
                                                  „Çì„Å©Á∑öÂΩ¢‰ª£Êï∞„ÅÆÂü∫Êú...
You may provide a definition with
\DeclareUnicodeCharacter 


c:/Users/mamex/Documents/TeX/linear-algebra/L-Alg.tex:81: LaTeX Error: Unicode character „Çì (U+3093)
               not set up for use with LaTeX.

See the LaTeX manual or LaTeX Companion for explanation.
Type  H <return>  for immediate help.
 ...                                              
                                                  
l.81 ...„Å§„ÅÑ„Å¶Ë©≥„Åó„Åè„Å™„ÅÑ„ÅÆ„Åß„ÄÅ„Åª„Å®„Çì
                                                  „Å©Á∑öÂΩ¢‰ª£Êï∞„ÅÆÂü∫Êú¨Áö...
You may provide a definition with
\DeclareUnicodeCharacter 


c:/Users/mamex/Documents/TeX/linear-algebra/L-Alg.tex:81: LaTeX Error: Unicode character „Å© (U+3069)
               not set up for use with LaTeX.

See the LaTeX manual or LaTeX Companion for explanation.
Type  H <return>  for immediate help.
 ...                                              
                                                  
l.81 ...„ÅÑ„Å¶Ë©≥„Åó„Åè„Å™„ÅÑ„ÅÆ„Åß„ÄÅ„Åª„Å®„Çì„Å©
                                                  Á∑öÂΩ¢‰ª£Êï∞„ÅÆÂü∫Êú¨ÁöÑ„Å...
You may provide a definition with
\DeclareUnicodeCharacter 


c:/Users/mamex/Documents/TeX/linear-algebra/L-Alg.tex:81: LaTeX Error: Unicode character Á∑ö (U+7DDA)
               not set up for use with LaTeX.

See the LaTeX manual or LaTeX Companion for explanation.
Type  H <return>  for immediate help.
 ...                                              
                                                  
l.81 ...„Å¶Ë©≥„Åó„Åè„Å™„ÅÑ„ÅÆ„Åß„ÄÅ„Åª„Å®„Çì„Å©Á∑ö
                                                  ÂΩ¢‰ª£Êï∞„ÅÆÂü∫Êú¨ÁöÑ„Å™ÈÉ...
You may provide a definition with
\DeclareUnicodeCharacter 


c:/Users/mamex/Documents/TeX/linear-algebra/L-Alg.tex:81: LaTeX Error: Unicode character ÂΩ¢ (U+5F62)
               not set up for use with LaTeX.

See the LaTeX manual or LaTeX Companion for explanation.
Type  H <return>  for immediate help.
 ...                                              
                                                  
l.81 ...Ë©≥„Åó„Åè„Å™„ÅÑ„ÅÆ„Åß„ÄÅ„Åª„Å®„Çì„Å©Á∑öÂΩ¢
                                                  ‰ª£Êï∞„ÅÆÂü∫Êú¨ÁöÑ„Å™ÈÉ®Âà...
You may provide a definition with
\DeclareUnicodeCharacter 


c:/Users/mamex/Documents/TeX/linear-algebra/L-Alg.tex:81: LaTeX Error: Unicode character ‰ª£ (U+4EE3)
               not set up for use with LaTeX.

See the LaTeX manual or LaTeX Companion for explanation.
Type  H <return>  for immediate help.
 ...                                              
                                                  
l.81 ...„Åó„Åè„Å™„ÅÑ„ÅÆ„Åß„ÄÅ„Åª„Å®„Çì„Å©Á∑öÂΩ¢‰ª£
                                                  Êï∞„ÅÆÂü∫Êú¨ÁöÑ„Å™ÈÉ®ÂàÜ„Ç...
You may provide a definition with
\DeclareUnicodeCharacter 


c:/Users/mamex/Documents/TeX/linear-algebra/L-Alg.tex:81: LaTeX Error: Unicode character Êï∞ (U+6570)
               not set up for use with LaTeX.

See the LaTeX manual or LaTeX Companion for explanation.
Type  H <return>  for immediate help.
 ...                                              
                                                  
l.81 ...„Åè„Å™„ÅÑ„ÅÆ„Åß„ÄÅ„Åª„Å®„Çì„Å©Á∑öÂΩ¢‰ª£Êï∞
                                                  „ÅÆÂü∫Êú¨ÁöÑ„Å™ÈÉ®ÂàÜ„ÇíË®...
You may provide a definition with
\DeclareUnicodeCharacter 


c:/Users/mamex/Documents/TeX/linear-algebra/L-Alg.tex:81: LaTeX Error: Unicode character „ÅÆ (U+306E)
               not set up for use with LaTeX.

See the LaTeX manual or LaTeX Companion for explanation.
Type  H <return>  for immediate help.
 ...                                              
                                                  
l.81 ...„Å™„ÅÑ„ÅÆ„Åß„ÄÅ„Åª„Å®„Çì„Å©Á∑öÂΩ¢‰ª£Êï∞„ÅÆ
                                                  Âü∫Êú¨ÁöÑ„Å™ÈÉ®ÂàÜ„ÇíË®ò„Å...
You may provide a definition with
\DeclareUnicodeCharacter 


c:/Users/mamex/Documents/TeX/linear-algebra/L-Alg.tex:81: LaTeX Error: Unicode character Âü∫ (U+57FA)
               not set up for use with LaTeX.

See the LaTeX manual or LaTeX Companion for explanation.
Type  H <return>  for immediate help.
 ...                                              
                                                  
l.81 ...„ÅÑ„ÅÆ„Åß„ÄÅ„Åª„Å®„Çì„Å©Á∑öÂΩ¢‰ª£Êï∞„ÅÆÂü∫
                                                  Êú¨ÁöÑ„Å™ÈÉ®ÂàÜ„ÇíË®ò„Åô„ÄÇ
You may provide a definition with
\DeclareUnicodeCharacter 


c:/Users/mamex/Documents/TeX/linear-algebra/L-Alg.tex:81: LaTeX Error: Unicode character Êú¨ (U+672C)
               not set up for use with LaTeX.

See the LaTeX manual or LaTeX Companion for explanation.
Type  H <return>  for immediate help.
 ...                                              
                                                  
l.81 ...„ÅÆ„Åß„ÄÅ„Åª„Å®„Çì„Å©Á∑öÂΩ¢‰ª£Êï∞„ÅÆÂü∫Êú¨
                                                  ÁöÑ„Å™ÈÉ®ÂàÜ„ÇíË®ò„Åô„ÄÇ
You may provide a definition with
\DeclareUnicodeCharacter 


c:/Users/mamex/Documents/TeX/linear-algebra/L-Alg.tex:81: LaTeX Error: Unicode character ÁöÑ (U+7684)
               not set up for use with LaTeX.

See the LaTeX manual or LaTeX Companion for explanation.
Type  H <return>  for immediate help.
 ...                                              
                                                  
l.81 ...„Åß„ÄÅ„Åª„Å®„Çì„Å©Á∑öÂΩ¢‰ª£Êï∞„ÅÆÂü∫Êú¨ÁöÑ
                                                  „Å™ÈÉ®ÂàÜ„ÇíË®ò„Åô„ÄÇ
You may provide a definition with
\DeclareUnicodeCharacter 


c:/Users/mamex/Documents/TeX/linear-algebra/L-Alg.tex:81: LaTeX Error: Unicode character „Å™ (U+306A)
               not set up for use with LaTeX.

See the LaTeX manual or LaTeX Companion for explanation.
Type  H <return>  for immediate help.
 ...                                              
                                                  
l.81 ...„ÄÅ„Åª„Å®„Çì„Å©Á∑öÂΩ¢‰ª£Êï∞„ÅÆÂü∫Êú¨ÁöÑ„Å™
                                                  ÈÉ®ÂàÜ„ÇíË®ò„Åô„ÄÇ
You may provide a definition with
\DeclareUnicodeCharacter 


c:/Users/mamex/Documents/TeX/linear-algebra/L-Alg.tex:81: LaTeX Error: Unicode character ÈÉ® (U+90E8)
               not set up for use with LaTeX.

See the LaTeX manual or LaTeX Companion for explanation.
Type  H <return>  for immediate help.
 ...                                              
                                                  
l.81 ...„Åª„Å®„Çì„Å©Á∑öÂΩ¢‰ª£Êï∞„ÅÆÂü∫Êú¨ÁöÑ„Å™ÈÉ®
                                                  ÂàÜ„ÇíË®ò„Åô„ÄÇ
You may provide a definition with
\DeclareUnicodeCharacter 


c:/Users/mamex/Documents/TeX/linear-algebra/L-Alg.tex:81: LaTeX Error: Unicode character ÂàÜ (U+5206)
               not set up for use with LaTeX.

See the LaTeX manual or LaTeX Companion for explanation.
Type  H <return>  for immediate help.
 ...                                              
                                                  
l.81 ...„Å®„Çì„Å©Á∑öÂΩ¢‰ª£Êï∞„ÅÆÂü∫Êú¨ÁöÑ„Å™ÈÉ®ÂàÜ
                                                  „ÇíË®ò„Åô„ÄÇ
You may provide a definition with
\DeclareUnicodeCharacter 


c:/Users/mamex/Documents/TeX/linear-algebra/L-Alg.tex:81: LaTeX Error: Unicode character „Çí (U+3092)
               not set up for use with LaTeX.

See the LaTeX manual or LaTeX Companion for explanation.
Type  H <return>  for immediate help.
 ...                                              
                                                  
l.81 ...„Çì„Å©Á∑öÂΩ¢‰ª£Êï∞„ÅÆÂü∫Êú¨ÁöÑ„Å™ÈÉ®ÂàÜ„Çí
                                                  Ë®ò„Åô„ÄÇ
You may provide a definition with
\DeclareUnicodeCharacter 


c:/Users/mamex/Documents/TeX/linear-algebra/L-Alg.tex:81: LaTeX Error: Unicode character Ë®ò (U+8A18)
               not set up for use with LaTeX.

See the LaTeX manual or LaTeX Companion for explanation.
Type  H <return>  for immediate help.
 ...                                              
                                                  
l.81 ...„Å©Á∑öÂΩ¢‰ª£Êï∞„ÅÆÂü∫Êú¨ÁöÑ„Å™ÈÉ®ÂàÜ„ÇíË®ò
                                                  „Åô„ÄÇ
You may provide a definition with
\DeclareUnicodeCharacter 


c:/Users/mamex/Documents/TeX/linear-algebra/L-Alg.tex:81: LaTeX Error: Unicode character „Åô (U+3059)
               not set up for use with LaTeX.

See the LaTeX manual or LaTeX Companion for explanation.
Type  H <return>  for immediate help.
 ...                                              
                                                  
l.81 ...Á∑öÂΩ¢‰ª£Êï∞„ÅÆÂü∫Êú¨ÁöÑ„Å™ÈÉ®ÂàÜ„ÇíË®ò„Åô
                                                  „ÄÇ
You may provide a definition with
\DeclareUnicodeCharacter 


c:/Users/mamex/Documents/TeX/linear-algebra/L-Alg.tex:81: LaTeX Error: Unicode character „ÄÇ (U+3002)
               not set up for use with LaTeX.

See the LaTeX manual or LaTeX Companion for explanation.
Type  H <return>  for immediate help.
 ...                                              
                                                  
l.81 ...ÂΩ¢‰ª£Êï∞„ÅÆÂü∫Êú¨ÁöÑ„Å™ÈÉ®ÂàÜ„ÇíË®ò„Åô„ÄÇ
                                                  
You may provide a definition with
\DeclareUnicodeCharacter 


c:/Users/mamex/Documents/TeX/linear-algebra/L-Alg.tex:82: LaTeX Error: Unicode character ‰∏Ä (U+4E00)
               not set up for use with LaTeX.

See the LaTeX manual or LaTeX Companion for explanation.
Type  H <return>  for immediate help.
 ...                                              
                                                  
l.82 ‰∏Ä
        ÂøúË®àÁÆóÊ©ü„Å´„Çà„ÇãËß£Êûê„ÇÇÂãâÂº∑„Åó„Å¶„ÅÑ„Åè„Å§„ÇÇ„Çä„Åß„ÅÇ„Çä„Ä...
You may provide a definition with
\DeclareUnicodeCharacter 


c:/Users/mamex/Documents/TeX/linear-algebra/L-Alg.tex:82: LaTeX Error: Unicode character Âøú (U+5FDC)
               not set up for use with LaTeX.

See the LaTeX manual or LaTeX Companion for explanation.
Type  H <return>  for immediate help.
 ...                                              
                                                  
l.82 ‰∏ÄÂøú
           Ë®àÁÆóÊ©ü„Å´„Çà„ÇãËß£Êûê„ÇÇÂãâÂº∑„Åó„Å¶„ÅÑ„Åè„Å§„ÇÇ„Çä„Åß„ÅÇ„Çä„Ä...
You may provide a definition with
\DeclareUnicodeCharacter 


c:/Users/mamex/Documents/TeX/linear-algebra/L-Alg.tex:82: LaTeX Error: Unicode character Ë®à (U+8A08)
               not set up for use with LaTeX.

See the LaTeX manual or LaTeX Companion for explanation.
Type  H <return>  for immediate help.
 ...                                              
                                                  
l.82 ‰∏ÄÂøúË®à
              ÁÆóÊ©ü„Å´„Çà„ÇãËß£Êûê„ÇÇÂãâÂº∑„Åó„Å¶„ÅÑ„Åè„Å§„ÇÇ„Çä„Åß„ÅÇ„Çä„Ä...
You may provide a definition with
\DeclareUnicodeCharacter 


c:/Users/mamex/Documents/TeX/linear-algebra/L-Alg.tex:82: LaTeX Error: Unicode character ÁÆó (U+7B97)
               not set up for use with LaTeX.

See the LaTeX manual or LaTeX Companion for explanation.
Type  H <return>  for immediate help.
 ...                                              
                                                  
l.82 ‰∏ÄÂøúË®àÁÆó
                 Ê©ü„Å´„Çà„ÇãËß£Êûê„ÇÇÂãâÂº∑„Åó„Å¶„ÅÑ„Åè„Å§„ÇÇ„Çä„Åß„ÅÇ„Çä„Ä...
You may provide a definition with
\DeclareUnicodeCharacter 


c:/Users/mamex/Documents/TeX/linear-algebra/L-Alg.tex:82: LaTeX Error: Unicode character Ê©ü (U+6A5F)
               not set up for use with LaTeX.

See the LaTeX manual or LaTeX Companion for explanation.
Type  H <return>  for immediate help.
 ...                                              
                                                  
l.82 ‰∏ÄÂøúË®àÁÆóÊ©ü
                    „Å´„Çà„ÇãËß£Êûê„ÇÇÂãâÂº∑„Åó„Å¶„ÅÑ„Åè„Å§„ÇÇ„Çä„Åß„ÅÇ„Çä„Ä...
You may provide a definition with
\DeclareUnicodeCharacter 


c:/Users/mamex/Documents/TeX/linear-algebra/L-Alg.tex:82: LaTeX Error: Unicode character „Å´ (U+306B)
               not set up for use with LaTeX.

See the LaTeX manual or LaTeX Companion for explanation.
Type  H <return>  for immediate help.
 ...                                              
                                                  
l.82 ‰∏ÄÂøúË®àÁÆóÊ©ü„Å´
                       „Çà„ÇãËß£Êûê„ÇÇÂãâÂº∑„Åó„Å¶„ÅÑ„Åè„Å§„ÇÇ„Çä„Åß„ÅÇ„Çä„Ä...
You may provide a definition with
\DeclareUnicodeCharacter 


c:/Users/mamex/Documents/TeX/linear-algebra/L-Alg.tex:82: LaTeX Error: Unicode character „Çà (U+3088)
               not set up for use with LaTeX.

See the LaTeX manual or LaTeX Companion for explanation.
Type  H <return>  for immediate help.
 ...                                              
                                                  
l.82 ‰∏ÄÂøúË®àÁÆóÊ©ü„Å´„Çà
                          „ÇãËß£Êûê„ÇÇÂãâÂº∑„Åó„Å¶„ÅÑ„Åè„Å§„ÇÇ„Çä„Åß„ÅÇ„Çä„Ä...
You may provide a definition with
\DeclareUnicodeCharacter 


c:/Users/mamex/Documents/TeX/linear-algebra/L-Alg.tex:82: LaTeX Error: Unicode character „Çã (U+308B)
               not set up for use with LaTeX.

See the LaTeX manual or LaTeX Companion for explanation.
Type  H <return>  for immediate help.
 ...                                              
                                                  
l.82 ‰∏ÄÂøúË®àÁÆóÊ©ü„Å´„Çà„Çã
                             Ëß£Êûê„ÇÇÂãâÂº∑„Åó„Å¶„ÅÑ„Åè„Å§„ÇÇ„Çä„Åß„ÅÇ„Çä„Ä...
You may provide a definition with
\DeclareUnicodeCharacter 


c:/Users/mamex/Documents/TeX/linear-algebra/L-Alg.tex:82: LaTeX Error: Unicode character Ëß£ (U+89E3)
               not set up for use with LaTeX.

See the LaTeX manual or LaTeX Companion for explanation.
Type  H <return>  for immediate help.
 ...                                              
                                                  
l.82 ‰∏ÄÂøúË®àÁÆóÊ©ü„Å´„Çà„ÇãËß£
                                Êûê„ÇÇÂãâÂº∑„Åó„Å¶„ÅÑ„Åè„Å§„ÇÇ„Çä„Åß„ÅÇ„Çä„Ä...
You may provide a definition with
\DeclareUnicodeCharacter 


c:/Users/mamex/Documents/TeX/linear-algebra/L-Alg.tex:82: LaTeX Error: Unicode character Êûê (U+6790)
               not set up for use with LaTeX.

See the LaTeX manual or LaTeX Companion for explanation.
Type  H <return>  for immediate help.
 ...                                              
                                                  
l.82 ‰∏ÄÂøúË®àÁÆóÊ©ü„Å´„Çà„ÇãËß£Êûê
                                   „ÇÇÂãâÂº∑„Åó„Å¶„ÅÑ„Åè„Å§„ÇÇ„Çä„Åß„ÅÇ„Çä„Ä...
You may provide a definition with
\DeclareUnicodeCharacter 


c:/Users/mamex/Documents/TeX/linear-algebra/L-Alg.tex:82: LaTeX Error: Unicode character „ÇÇ (U+3082)
               not set up for use with LaTeX.

See the LaTeX manual or LaTeX Companion for explanation.
Type  H <return>  for immediate help.
 ...                                              
                                                  
l.82 ‰∏ÄÂøúË®àÁÆóÊ©ü„Å´„Çà„ÇãËß£Êûê„ÇÇ
                                      ÂãâÂº∑„Åó„Å¶„ÅÑ„Åè„Å§„ÇÇ„Çä„Åß„ÅÇ„Çä„Ä...
You may provide a definition with
\DeclareUnicodeCharacter 


c:/Users/mamex/Documents/TeX/linear-algebra/L-Alg.tex:82: LaTeX Error: Unicode character Âãâ (U+52C9)
               not set up for use with LaTeX.

See the LaTeX manual or LaTeX Companion for explanation.
Type  H <return>  for immediate help.
 ...                                              
                                                  
l.82 ‰∏ÄÂøúË®àÁÆóÊ©ü„Å´„Çà„ÇãËß£Êûê„ÇÇÂãâ
                                         Âº∑„Åó„Å¶„ÅÑ„Åè„Å§„ÇÇ„Çä„Åß„ÅÇ„Çä„Ä...
You may provide a definition with
\DeclareUnicodeCharacter 


c:/Users/mamex/Documents/TeX/linear-algebra/L-Alg.tex:82: LaTeX Error: Unicode character Âº∑ (U+5F37)
               not set up for use with LaTeX.

See the LaTeX manual or LaTeX Companion for explanation.
Type  H <return>  for immediate help.
 ...                                              
                                                  
l.82 ‰∏ÄÂøúË®àÁÆóÊ©ü„Å´„Çà„ÇãËß£Êûê„ÇÇÂãâÂº∑
                                            „Åó„Å¶„ÅÑ„Åè„Å§„ÇÇ„Çä„Åß„ÅÇ„Çä„Ä...
You may provide a definition with
\DeclareUnicodeCharacter 


c:/Users/mamex/Documents/TeX/linear-algebra/L-Alg.tex:82: LaTeX Error: Unicode character „Åó (U+3057)
               not set up for use with LaTeX.

See the LaTeX manual or LaTeX Companion for explanation.
Type  H <return>  for immediate help.
 ...                                              
                                                  
l.82 ‰∏ÄÂøúË®àÁÆóÊ©ü„Å´„Çà„ÇãËß£Êûê„ÇÇÂãâÂº∑„Åó
                                               „Å¶„ÅÑ„Åè„Å§„ÇÇ„Çä„Åß„ÅÇ„Çä„Ä...
You may provide a definition with
\DeclareUnicodeCharacter 


c:/Users/mamex/Documents/TeX/linear-algebra/L-Alg.tex:82: LaTeX Error: Unicode character „Å¶ (U+3066)
               not set up for use with LaTeX.

See the LaTeX manual or LaTeX Companion for explanation.
Type  H <return>  for immediate help.
 ...                                              
                                                  
l.82 ‰∏ÄÂøúË®àÁÆóÊ©ü„Å´„Çà„ÇãËß£Êûê„ÇÇÂãâÂº∑„Åó„Å¶
                                                  „ÅÑ„Åè„Å§„ÇÇ„Çä„Åß„ÅÇ„Çä„Ä...
You may provide a definition with
\DeclareUnicodeCharacter 


c:/Users/mamex/Documents/TeX/linear-algebra/L-Alg.tex:82: LaTeX Error: Unicode character „ÅÑ (U+3044)
               not set up for use with LaTeX.

See the LaTeX manual or LaTeX Companion for explanation.
Type  H <return>  for immediate help.
 ...                                              
                                                  
l.82 ...Ë®àÁÆóÊ©ü„Å´„Çà„ÇãËß£Êûê„ÇÇÂãâÂº∑„Åó„Å¶„ÅÑ
                                                  „Åè„Å§„ÇÇ„Çä„Åß„ÅÇ„Çä„ÄÅ„Å...
You may provide a definition with
\DeclareUnicodeCharacter 


c:/Users/mamex/Documents/TeX/linear-algebra/L-Alg.tex:82: LaTeX Error: Unicode character „Åè (U+304F)
               not set up for use with LaTeX.

See the LaTeX manual or LaTeX Companion for explanation.
Type  H <return>  for immediate help.
 ...                                              
                                                  
l.82 ...ÁÆóÊ©ü„Å´„Çà„ÇãËß£Êûê„ÇÇÂãâÂº∑„Åó„Å¶„ÅÑ„Åè
                                                  „Å§„ÇÇ„Çä„Åß„ÅÇ„Çä„ÄÅ„Åì„Å...
You may provide a definition with
\DeclareUnicodeCharacter 


c:/Users/mamex/Documents/TeX/linear-algebra/L-Alg.tex:82: LaTeX Error: Unicode character „Å§ (U+3064)
               not set up for use with LaTeX.

See the LaTeX manual or LaTeX Companion for explanation.
Type  H <return>  for immediate help.
 ...                                              
                                                  
l.82 ...Ê©ü„Å´„Çà„ÇãËß£Êûê„ÇÇÂãâÂº∑„Åó„Å¶„ÅÑ„Åè„Å§
                                                  „ÇÇ„Çä„Åß„ÅÇ„Çä„ÄÅ„Åì„ÅÆ„É...
You may provide a definition with
\DeclareUnicodeCharacter 


c:/Users/mamex/Documents/TeX/linear-algebra/L-Alg.tex:82: LaTeX Error: Unicode character „ÇÇ (U+3082)
               not set up for use with LaTeX.

See the LaTeX manual or LaTeX Companion for explanation.
Type  H <return>  for immediate help.
 ...                                              
                                                  
l.82 ...„Å´„Çà„ÇãËß£Êûê„ÇÇÂãâÂº∑„Åó„Å¶„ÅÑ„Åè„Å§„ÇÇ
                                                  „Çä„Åß„ÅÇ„Çä„ÄÅ„Åì„ÅÆ„Éé„É...
You may provide a definition with
\DeclareUnicodeCharacter 


c:/Users/mamex/Documents/TeX/linear-algebra/L-Alg.tex:82: LaTeX Error: Unicode character „Çä (U+308A)
               not set up for use with LaTeX.

See the LaTeX manual or LaTeX Companion for explanation.
Type  H <return>  for immediate help.
 ...                                              
                                                  
l.82 ...„Çà„ÇãËß£Êûê„ÇÇÂãâÂº∑„Åó„Å¶„ÅÑ„Åè„Å§„ÇÇ„Çä
                                                  „Åß„ÅÇ„Çä„ÄÅ„Åì„ÅÆ„Éé„Éº„É...
You may provide a definition with
\DeclareUnicodeCharacter 


c:/Users/mamex/Documents/TeX/linear-algebra/L-Alg.tex:82: LaTeX Error: Unicode character „Åß (U+3067)
               not set up for use with LaTeX.

See the LaTeX manual or LaTeX Companion for explanation.
Type  H <return>  for immediate help.
 ...                                              
                                                  
l.82 ...„ÇãËß£Êûê„ÇÇÂãâÂº∑„Åó„Å¶„ÅÑ„Åè„Å§„ÇÇ„Çä„Åß
                                                  „ÅÇ„Çä„ÄÅ„Åì„ÅÆ„Éé„Éº„ÉàÂÜ...
You may provide a definition with
\DeclareUnicodeCharacter 


c:/Users/mamex/Documents/TeX/linear-algebra/L-Alg.tex:82: LaTeX Error: Unicode character „ÅÇ (U+3042)
               not set up for use with LaTeX.

See the LaTeX manual or LaTeX Companion for explanation.
Type  H <return>  for immediate help.
 ...                                              
                                                  
l.82 ...Ëß£Êûê„ÇÇÂãâÂº∑„Åó„Å¶„ÅÑ„Åè„Å§„ÇÇ„Çä„Åß„ÅÇ
                                                  „Çä„ÄÅ„Åì„ÅÆ„Éé„Éº„ÉàÂÜÖ„Å...
You may provide a definition with
\DeclareUnicodeCharacter 


c:/Users/mamex/Documents/TeX/linear-algebra/L-Alg.tex:82: LaTeX Error: Unicode character „Çä (U+308A)
               not set up for use with LaTeX.

See the LaTeX manual or LaTeX Companion for explanation.
Type  H <return>  for immediate help.
 ...                                              
                                                  
l.82 ...Êûê„ÇÇÂãâÂº∑„Åó„Å¶„ÅÑ„Åè„Å§„ÇÇ„Çä„Åß„ÅÇ„Çä
                                                  „ÄÅ„Åì„ÅÆ„Éé„Éº„ÉàÂÜÖ„Åß„Ç...
You may provide a definition with
\DeclareUnicodeCharacter 


c:/Users/mamex/Documents/TeX/linear-algebra/L-Alg.tex:82: LaTeX Error: Unicode character „ÄÅ (U+3001)
               not set up for use with LaTeX.

See the LaTeX manual or LaTeX Companion for explanation.
Type  H <return>  for immediate help.
 ...                                              
                                                  
l.82 ...„ÇÇÂãâÂº∑„Åó„Å¶„ÅÑ„Åè„Å§„ÇÇ„Çä„Åß„ÅÇ„Çä„ÄÅ
                                                  „Åì„ÅÆ„Éé„Éº„ÉàÂÜÖ„Åß„ÇÇ„Å...
You may provide a definition with
\DeclareUnicodeCharacter 


c:/Users/mamex/Documents/TeX/linear-algebra/L-Alg.tex:82: LaTeX Error: Unicode character „Åì (U+3053)
               not set up for use with LaTeX.

See the LaTeX manual or LaTeX Companion for explanation.
Type  H <return>  for immediate help.
 ...                                              
                                                  
l.82 ...ÂãâÂº∑„Åó„Å¶„ÅÑ„Åè„Å§„ÇÇ„Çä„Åß„ÅÇ„Çä„ÄÅ„Åì
                                                  „ÅÆ„Éé„Éº„ÉàÂÜÖ„Åß„ÇÇ„Åß„Å...
You may provide a definition with
\DeclareUnicodeCharacter 


c:/Users/mamex/Documents/TeX/linear-algebra/L-Alg.tex:82: LaTeX Error: Unicode character „ÅÆ (U+306E)
               not set up for use with LaTeX.

See the LaTeX manual or LaTeX Companion for explanation.
Type  H <return>  for immediate help.
 ...                                              
                                                  
l.82 ...Âº∑„Åó„Å¶„ÅÑ„Åè„Å§„ÇÇ„Çä„Åß„ÅÇ„Çä„ÄÅ„Åì„ÅÆ
                                                  „Éé„Éº„ÉàÂÜÖ„Åß„ÇÇ„Åß„Åç„Ç...
You may provide a definition with
\DeclareUnicodeCharacter 


c:/Users/mamex/Documents/TeX/linear-algebra/L-Alg.tex:82: LaTeX Error: Unicode character „Éé (U+30CE)
               not set up for use with LaTeX.

See the LaTeX manual or LaTeX Companion for explanation.
Type  H <return>  for immediate help.
 ...                                              
                                                  
l.82 ...„Åó„Å¶„ÅÑ„Åè„Å§„ÇÇ„Çä„Åß„ÅÇ„Çä„ÄÅ„Åì„ÅÆ„Éé
                                                  „Éº„ÉàÂÜÖ„Åß„ÇÇ„Åß„Åç„ÇãÈô...
You may provide a definition with
\DeclareUnicodeCharacter 


c:/Users/mamex/Documents/TeX/linear-algebra/L-Alg.tex:82: LaTeX Error: Unicode character „Éº (U+30FC)
               not set up for use with LaTeX.

See the LaTeX manual or LaTeX Companion for explanation.
Type  H <return>  for immediate help.
 ...                                              
                                                  
l.82 ...„Å¶„ÅÑ„Åè„Å§„ÇÇ„Çä„Åß„ÅÇ„Çä„ÄÅ„Åì„ÅÆ„Éé„Éº
                                                  „ÉàÂÜÖ„Åß„ÇÇ„Åß„Åç„ÇãÈôê„Ç...
You may provide a definition with
\DeclareUnicodeCharacter 


c:/Users/mamex/Documents/TeX/linear-algebra/L-Alg.tex:82: LaTeX Error: Unicode character „Éà (U+30C8)
               not set up for use with LaTeX.

See the LaTeX manual or LaTeX Companion for explanation.
Type  H <return>  for immediate help.
 ...                                              
                                                  
l.82 ...„ÅÑ„Åè„Å§„ÇÇ„Çä„Åß„ÅÇ„Çä„ÄÅ„Åì„ÅÆ„Éé„Éº„Éà
                                                  ÂÜÖ„Åß„ÇÇ„Åß„Åç„ÇãÈôê„ÇäÂÖ...
You may provide a definition with
\DeclareUnicodeCharacter 


c:/Users/mamex/Documents/TeX/linear-algebra/L-Alg.tex:82: LaTeX Error: Unicode character ÂÜÖ (U+5185)
               not set up for use with LaTeX.

See the LaTeX manual or LaTeX Companion for explanation.
Type  H <return>  for immediate help.
 ...                                              
                                                  
l.82 ...„Åè„Å§„ÇÇ„Çä„Åß„ÅÇ„Çä„ÄÅ„Åì„ÅÆ„Éé„Éº„ÉàÂÜÖ
                                                  „Åß„ÇÇ„Åß„Åç„ÇãÈôê„ÇäÂÖ∑‰Ω...
You may provide a definition with
\DeclareUnicodeCharacter 


c:/Users/mamex/Documents/TeX/linear-algebra/L-Alg.tex:82: LaTeX Error: Unicode character „Åß (U+3067)
               not set up for use with LaTeX.

See the LaTeX manual or LaTeX Companion for explanation.
Type  H <return>  for immediate help.
 ...                                              
                                                  
l.82 ...„Å§„ÇÇ„Çä„Åß„ÅÇ„Çä„ÄÅ„Åì„ÅÆ„Éé„Éº„ÉàÂÜÖ„Åß
                                                  „ÇÇ„Åß„Åç„ÇãÈôê„ÇäÂÖ∑‰Ωì‰æ...
You may provide a definition with
\DeclareUnicodeCharacter 


c:/Users/mamex/Documents/TeX/linear-algebra/L-Alg.tex:82: LaTeX Error: Unicode character „ÇÇ (U+3082)
               not set up for use with LaTeX.

See the LaTeX manual or LaTeX Companion for explanation.
Type  H <return>  for immediate help.
 ...                                              
                                                  
l.82 ...„ÇÇ„Çä„Åß„ÅÇ„Çä„ÄÅ„Åì„ÅÆ„Éé„Éº„ÉàÂÜÖ„Åß„ÇÇ
                                                  „Åß„Åç„ÇãÈôê„ÇäÂÖ∑‰Ωì‰æã„Ç...
You may provide a definition with
\DeclareUnicodeCharacter 


c:/Users/mamex/Documents/TeX/linear-algebra/L-Alg.tex:82: LaTeX Error: Unicode character „Åß (U+3067)
               not set up for use with LaTeX.

See the LaTeX manual or LaTeX Companion for explanation.
Type  H <return>  for immediate help.
 ...                                              
                                                  
l.82 ...„Çä„Åß„ÅÇ„Çä„ÄÅ„Åì„ÅÆ„Éé„Éº„ÉàÂÜÖ„Åß„ÇÇ„Åß
                                                  „Åç„ÇãÈôê„ÇäÂÖ∑‰Ωì‰æã„ÇíÊè...
You may provide a definition with
\DeclareUnicodeCharacter 


c:/Users/mamex/Documents/TeX/linear-algebra/L-Alg.tex:82: LaTeX Error: Unicode character „Åç (U+304D)
               not set up for use with LaTeX.

See the LaTeX manual or LaTeX Companion for explanation.
Type  H <return>  for immediate help.
 ...                                              
                                                  
l.82 ...„Åß„ÅÇ„Çä„ÄÅ„Åì„ÅÆ„Éé„Éº„ÉàÂÜÖ„Åß„ÇÇ„Åß„Åç
                                                  „ÇãÈôê„ÇäÂÖ∑‰Ωì‰æã„ÇíÊèêÁ§...
You may provide a definition with
\DeclareUnicodeCharacter 


c:/Users/mamex/Documents/TeX/linear-algebra/L-Alg.tex:82: LaTeX Error: Unicode character „Çã (U+308B)
               not set up for use with LaTeX.

See the LaTeX manual or LaTeX Companion for explanation.
Type  H <return>  for immediate help.
 ...                                              
                                                  
l.82 ...„ÅÇ„Çä„ÄÅ„Åì„ÅÆ„Éé„Éº„ÉàÂÜÖ„Åß„ÇÇ„Åß„Åç„Çã
                                                  Èôê„ÇäÂÖ∑‰Ωì‰æã„ÇíÊèêÁ§∫„Å...
You may provide a definition with
\DeclareUnicodeCharacter 


c:/Users/mamex/Documents/TeX/linear-algebra/L-Alg.tex:82: LaTeX Error: Unicode character Èôê (U+9650)
               not set up for use with LaTeX.

See the LaTeX manual or LaTeX Companion for explanation.
Type  H <return>  for immediate help.
 ...                                              
                                                  
l.82 ...„Çä„ÄÅ„Åì„ÅÆ„Éé„Éº„ÉàÂÜÖ„Åß„ÇÇ„Åß„Åç„ÇãÈôê
                                                  „ÇäÂÖ∑‰Ωì‰æã„ÇíÊèêÁ§∫„Åó„Å...
You may provide a definition with
\DeclareUnicodeCharacter 


c:/Users/mamex/Documents/TeX/linear-algebra/L-Alg.tex:82: LaTeX Error: Unicode character „Çä (U+308A)
               not set up for use with LaTeX.

See the LaTeX manual or LaTeX Companion for explanation.
Type  H <return>  for immediate help.
 ...                                              
                                                  
l.82 ...„ÄÅ„Åì„ÅÆ„Éé„Éº„ÉàÂÜÖ„Åß„ÇÇ„Åß„Åç„ÇãÈôê„Çä
                                                  ÂÖ∑‰Ωì‰æã„ÇíÊèêÁ§∫„Åó„Å¶„Å...
You may provide a definition with
\DeclareUnicodeCharacter 


c:/Users/mamex/Documents/TeX/linear-algebra/L-Alg.tex:82: LaTeX Error: Unicode character ÂÖ∑ (U+5177)
               not set up for use with LaTeX.

See the LaTeX manual or LaTeX Companion for explanation.
Type  H <return>  for immediate help.
 ...                                              
                                                  
l.82 ...„Åì„ÅÆ„Éé„Éº„ÉàÂÜÖ„Åß„ÇÇ„Åß„Åç„ÇãÈôê„ÇäÂÖ∑
                                                  ‰Ωì‰æã„ÇíÊèêÁ§∫„Åó„Å¶„ÅÑ„Å...
You may provide a definition with
\DeclareUnicodeCharacter 


c:/Users/mamex/Documents/TeX/linear-algebra/L-Alg.tex:82: LaTeX Error: Unicode character ‰Ωì (U+4F53)
               not set up for use with LaTeX.

See the LaTeX manual or LaTeX Companion for explanation.
Type  H <return>  for immediate help.
 ...                                              
                                                  
l.82 ...„ÅÆ„Éé„Éº„ÉàÂÜÖ„Åß„ÇÇ„Åß„Åç„ÇãÈôê„ÇäÂÖ∑‰Ωì
                                                  ‰æã„ÇíÊèêÁ§∫„Åó„Å¶„ÅÑ„Åç„Å...
You may provide a definition with
\DeclareUnicodeCharacter 


c:/Users/mamex/Documents/TeX/linear-algebra/L-Alg.tex:82: LaTeX Error: Unicode character ‰æã (U+4F8B)
               not set up for use with LaTeX.

See the LaTeX manual or LaTeX Companion for explanation.
Type  H <return>  for immediate help.
 ...                                              
                                                  
l.82 ...„Éé„Éº„ÉàÂÜÖ„Åß„ÇÇ„Åß„Åç„ÇãÈôê„ÇäÂÖ∑‰Ωì‰æã
                                                  „ÇíÊèêÁ§∫„Åó„Å¶„ÅÑ„Åç„Åü„Å...
You may provide a definition with
\DeclareUnicodeCharacter 


c:/Users/mamex/Documents/TeX/linear-algebra/L-Alg.tex:82: LaTeX Error: Unicode character „Çí (U+3092)
               not set up for use with LaTeX.

See the LaTeX manual or LaTeX Companion for explanation.
Type  H <return>  for immediate help.
 ...                                              
                                                  
l.82 ...„Éº„ÉàÂÜÖ„Åß„ÇÇ„Åß„Åç„ÇãÈôê„ÇäÂÖ∑‰Ωì‰æã„Çí
                                                  ÊèêÁ§∫„Åó„Å¶„ÅÑ„Åç„Åü„ÅÑ„ÄÇ
You may provide a definition with
\DeclareUnicodeCharacter 


c:/Users/mamex/Documents/TeX/linear-algebra/L-Alg.tex:82: LaTeX Error: Unicode character Êèê (U+63D0)
               not set up for use with LaTeX.

See the LaTeX manual or LaTeX Companion for explanation.
Type  H <return>  for immediate help.
 ...                                              
                                                  
l.82 ...„ÉàÂÜÖ„Åß„ÇÇ„Åß„Åç„ÇãÈôê„ÇäÂÖ∑‰Ωì‰æã„ÇíÊèê
                                                  Á§∫„Åó„Å¶„ÅÑ„Åç„Åü„ÅÑ„ÄÇ
You may provide a definition with
\DeclareUnicodeCharacter 


c:/Users/mamex/Documents/TeX/linear-algebra/L-Alg.tex:82: LaTeX Error: Unicode character Á§∫ (U+793A)
               not set up for use with LaTeX.

See the LaTeX manual or LaTeX Companion for explanation.
Type  H <return>  for immediate help.
 ...                                              
                                                  
l.82 ...ÂÜÖ„Åß„ÇÇ„Åß„Åç„ÇãÈôê„ÇäÂÖ∑‰Ωì‰æã„ÇíÊèêÁ§∫
                                                  „Åó„Å¶„ÅÑ„Åç„Åü„ÅÑ„ÄÇ
You may provide a definition with
\DeclareUnicodeCharacter 


c:/Users/mamex/Documents/TeX/linear-algebra/L-Alg.tex:82: LaTeX Error: Unicode character „Åó (U+3057)
               not set up for use with LaTeX.

See the LaTeX manual or LaTeX Companion for explanation.
Type  H <return>  for immediate help.
 ...                                              
                                                  
l.82 ...„Åß„ÇÇ„Åß„Åç„ÇãÈôê„ÇäÂÖ∑‰Ωì‰æã„ÇíÊèêÁ§∫„Åó
                                                  „Å¶„ÅÑ„Åç„Åü„ÅÑ„ÄÇ
You may provide a definition with
\DeclareUnicodeCharacter 


c:/Users/mamex/Documents/TeX/linear-algebra/L-Alg.tex:82: LaTeX Error: Unicode character „Å¶ (U+3066)
               not set up for use with LaTeX.

See the LaTeX manual or LaTeX Companion for explanation.
Type  H <return>  for immediate help.
 ...                                              
                                                  
l.82 ...„ÇÇ„Åß„Åç„ÇãÈôê„ÇäÂÖ∑‰Ωì‰æã„ÇíÊèêÁ§∫„Åó„Å¶
                                                  „ÅÑ„Åç„Åü„ÅÑ„ÄÇ
You may provide a definition with
\DeclareUnicodeCharacter 


c:/Users/mamex/Documents/TeX/linear-algebra/L-Alg.tex:82: LaTeX Error: Unicode character „ÅÑ (U+3044)
               not set up for use with LaTeX.

See the LaTeX manual or LaTeX Companion for explanation.
Type  H <return>  for immediate help.
 ...                                              
                                                  
l.82 ...„Åß„Åç„ÇãÈôê„ÇäÂÖ∑‰Ωì‰æã„ÇíÊèêÁ§∫„Åó„Å¶„ÅÑ
                                                  „Åç„Åü„ÅÑ„ÄÇ
You may provide a definition with
\DeclareUnicodeCharacter 


c:/Users/mamex/Documents/TeX/linear-algebra/L-Alg.tex:82: LaTeX Error: Unicode character „Åç (U+304D)
               not set up for use with LaTeX.

See the LaTeX manual or LaTeX Companion for explanation.
Type  H <return>  for immediate help.
 ...                                              
                                                  
l.82 ...„Åç„ÇãÈôê„ÇäÂÖ∑‰Ωì‰æã„ÇíÊèêÁ§∫„Åó„Å¶„ÅÑ„Åç
                                                  „Åü„ÅÑ„ÄÇ
You may provide a definition with
\DeclareUnicodeCharacter 


c:/Users/mamex/Documents/TeX/linear-algebra/L-Alg.tex:82: LaTeX Error: Unicode character „Åü (U+305F)
               not set up for use with LaTeX.

See the LaTeX manual or LaTeX Companion for explanation.
Type  H <return>  for immediate help.
 ...                                              
                                                  
l.82 ...„ÇãÈôê„ÇäÂÖ∑‰Ωì‰æã„ÇíÊèêÁ§∫„Åó„Å¶„ÅÑ„Åç„Åü
                                                  „ÅÑ„ÄÇ
You may provide a definition with
\DeclareUnicodeCharacter 


c:/Users/mamex/Documents/TeX/linear-algebra/L-Alg.tex:82: LaTeX Error: Unicode character „ÅÑ (U+3044)
               not set up for use with LaTeX.

See the LaTeX manual or LaTeX Companion for explanation.
Type  H <return>  for immediate help.
 ...                                              
                                                  
l.82 ...Èôê„ÇäÂÖ∑‰Ωì‰æã„ÇíÊèêÁ§∫„Åó„Å¶„ÅÑ„Åç„Åü„ÅÑ
                                                  „ÄÇ
You may provide a definition with
\DeclareUnicodeCharacter 


c:/Users/mamex/Documents/TeX/linear-algebra/L-Alg.tex:82: LaTeX Error: Unicode character „ÄÇ (U+3002)
               not set up for use with LaTeX.

See the LaTeX manual or LaTeX Companion for explanation.
Type  H <return>  for immediate help.
 ...                                              
                                                  
l.82 ...„ÇäÂÖ∑‰Ωì‰æã„ÇíÊèêÁ§∫„Åó„Å¶„ÅÑ„Åç„Åü„ÅÑ„ÄÇ
                                                  
You may provide a definition with
\DeclareUnicodeCharacter 


c:/Users/mamex/Documents/TeX/linear-algebra/L-Alg.tex:83: LaTeX Error: Unicode character ÂÜÖ (U+5185)
               not set up for use with LaTeX.

See the LaTeX manual or LaTeX Companion for explanation.
Type  H <return>  for immediate help.
 ...                                              
                                                  
l.83 ÂÜÖ
        ÂÆπ„ÅØ„Åæ„Å†Êõ∏„Åç„Åã„Åë„Å™„ÅÆ„ÅßÈöèÊôÇÊõ¥Êñ∞„Åó„Å¶„ÅÑ„Åè„ÄÇ
You may provide a definition with
\DeclareUnicodeCharacter 


c:/Users/mamex/Documents/TeX/linear-algebra/L-Alg.tex:83: LaTeX Error: Unicode character ÂÆπ (U+5BB9)
               not set up for use with LaTeX.

See the LaTeX manual or LaTeX Companion for explanation.
Type  H <return>  for immediate help.
 ...                                              
                                                  
l.83 ÂÜÖÂÆπ
           „ÅØ„Åæ„Å†Êõ∏„Åç„Åã„Åë„Å™„ÅÆ„ÅßÈöèÊôÇÊõ¥Êñ∞„Åó„Å¶„ÅÑ„Åè„ÄÇ
You may provide a definition with
\DeclareUnicodeCharacter 


c:/Users/mamex/Documents/TeX/linear-algebra/L-Alg.tex:83: LaTeX Error: Unicode character „ÅØ (U+306F)
               not set up for use with LaTeX.

See the LaTeX manual or LaTeX Companion for explanation.
Type  H <return>  for immediate help.
 ...                                              
                                                  
l.83 ÂÜÖÂÆπ„ÅØ
              „Åæ„Å†Êõ∏„Åç„Åã„Åë„Å™„ÅÆ„ÅßÈöèÊôÇÊõ¥Êñ∞„Åó„Å¶„ÅÑ„Åè„ÄÇ
You may provide a definition with
\DeclareUnicodeCharacter 


c:/Users/mamex/Documents/TeX/linear-algebra/L-Alg.tex:83: LaTeX Error: Unicode character „Åæ (U+307E)
               not set up for use with LaTeX.

See the LaTeX manual or LaTeX Companion for explanation.
Type  H <return>  for immediate help.
 ...                                              
                                                  
l.83 ÂÜÖÂÆπ„ÅØ„Åæ
                 „Å†Êõ∏„Åç„Åã„Åë„Å™„ÅÆ„ÅßÈöèÊôÇÊõ¥Êñ∞„Åó„Å¶„ÅÑ„Åè„ÄÇ
You may provide a definition with
\DeclareUnicodeCharacter 


c:/Users/mamex/Documents/TeX/linear-algebra/L-Alg.tex:83: LaTeX Error: Unicode character „Å† (U+3060)
               not set up for use with LaTeX.

See the LaTeX manual or LaTeX Companion for explanation.
Type  H <return>  for immediate help.
 ...                                              
                                                  
l.83 ÂÜÖÂÆπ„ÅØ„Åæ„Å†
                    Êõ∏„Åç„Åã„Åë„Å™„ÅÆ„ÅßÈöèÊôÇÊõ¥Êñ∞„Åó„Å¶„ÅÑ„Åè„ÄÇ
You may provide a definition with
\DeclareUnicodeCharacter 


c:/Users/mamex/Documents/TeX/linear-algebra/L-Alg.tex:83: LaTeX Error: Unicode character Êõ∏ (U+66F8)
               not set up for use with LaTeX.

See the LaTeX manual or LaTeX Companion for explanation.
Type  H <return>  for immediate help.
 ...                                              
                                                  
l.83 ÂÜÖÂÆπ„ÅØ„Åæ„Å†Êõ∏
                       „Åç„Åã„Åë„Å™„ÅÆ„ÅßÈöèÊôÇÊõ¥Êñ∞„Åó„Å¶„ÅÑ„Åè„ÄÇ
You may provide a definition with
\DeclareUnicodeCharacter 


c:/Users/mamex/Documents/TeX/linear-algebra/L-Alg.tex:83: LaTeX Error: Unicode character „Åç (U+304D)
               not set up for use with LaTeX.

See the LaTeX manual or LaTeX Companion for explanation.
Type  H <return>  for immediate help.
 ...                                              
                                                  
l.83 ÂÜÖÂÆπ„ÅØ„Åæ„Å†Êõ∏„Åç
                          „Åã„Åë„Å™„ÅÆ„ÅßÈöèÊôÇÊõ¥Êñ∞„Åó„Å¶„ÅÑ„Åè„ÄÇ
(That makes 100 errors; please try again.) 
Here is how much of TeX's memory you used:
 24410 strings out of 476039
 489299 string characters out of 5794200
 1851776 words of memory out of 5000000
 44452 multiletter control sequences out of 15000+600000
 512489 words of font info for 34 fonts, out of 8000000 for 9000
 1141 hyphenation exceptions out of 8191
 84i,1n,89p,586b,122s stack positions out of 10000i,1000n,20000p,200000b,200000s

No pages of output.
