%このファイルは日本語文字を含みます.
\BOOKMARK [1][-]{section.0}{数学的記法における注意}{}% 1
\BOOKMARK [2][-]{subsection.0.1}{集合}{section.0}% 2
\BOOKMARK [3][-]{subsubsection.0.1.1}{数の集合}{subsection.0.1}% 3
\BOOKMARK [3][-]{subsubsection.0.1.2}{直積}{subsection.0.1}% 4
\BOOKMARK [2][-]{subsection.0.2}{写像}{section.0}% 5
\BOOKMARK [1][-]{section.1}{線形代数とは何か？}{}% 6
\BOOKMARK [2][-]{subsection.1.1}{計算機において}{section.1}% 7
\BOOKMARK [3][-]{subsubsection.1.1.1}{例}{subsection.1.1}% 8
\BOOKMARK [1][-]{section.2}{ベクトル}{}% 9
\BOOKMARK [2][-]{subsection.2.1}{基本事項}{section.2}% 10
\BOOKMARK [3][-]{subsubsection.2.1.1}{演算}{subsection.2.1}% 11
\BOOKMARK [3][-]{subsubsection.2.1.2}{位置ベクトル}{subsection.2.1}% 12
\BOOKMARK [2][-]{subsection.2.2}{具体例}{section.2}% 13
\BOOKMARK [3][-]{subsubsection.2.2.1}{色の比較}{subsection.2.2}% 14
\BOOKMARK [3][-]{subsubsection.2.2.2}{Bag of Words}{subsection.2.2}% 15
\BOOKMARK [1][-]{section.3}{行列}{}% 16
\BOOKMARK [2][-]{subsection.3.1}{基本事項}{section.3}% 17
\BOOKMARK [3][-]{subsubsection.3.1.1}{行列}{subsection.3.1}% 18
\BOOKMARK [3][-]{subsubsection.3.1.2}{和とスカラー倍}{subsection.3.1}% 19
\BOOKMARK [3][-]{subsubsection.3.1.3}{積}{subsection.3.1}% 20
\BOOKMARK [2][-]{subsection.3.2}{具体例}{section.3}% 21
\BOOKMARK [3][-]{subsubsection.3.2.1}{拡大・縮小}{subsection.3.2}% 22
\BOOKMARK [3][-]{subsubsection.3.2.2}{回転}{subsection.3.2}% 23
\BOOKMARK [2][-]{subsection.3.3}{連立1次方程式}{section.3}% 24
\BOOKMARK [3][-]{subsubsection.3.3.1}{基本変形}{subsection.3.3}% 25
\BOOKMARK [3][-]{subsubsection.3.3.2}{方程式を解く}{subsection.3.3}% 26
\BOOKMARK [3][-]{subsubsection.3.3.3}{正則行列・逆行列}{subsection.3.3}% 27
\BOOKMARK [2][-]{subsection.3.4}{行列式}{section.3}% 28
\BOOKMARK [3][-]{subsubsection.3.4.1}{余因子展開}{subsection.3.4}% 29
\BOOKMARK [3][-]{subsubsection.3.4.2}{外積}{subsection.3.4}% 30
\BOOKMARK [1][-]{section.4}{ベクトル空間}{}% 31
\BOOKMARK [2][-]{subsection.4.1}{基本事項}{section.4}% 32
\BOOKMARK [3][-]{subsubsection.4.1.1}{定義}{subsection.4.1}% 33
\BOOKMARK [3][-]{subsubsection.4.1.2}{空間という言葉}{subsection.4.1}% 34
\BOOKMARK [2][-]{subsection.4.2}{1次結合と1次独立}{section.4}% 35
\BOOKMARK [2][-]{subsection.4.3}{基底と次元}{section.4}% 36
\BOOKMARK [3][-]{subsubsection.4.3.1}{基底の変換}{subsection.4.3}% 37
\BOOKMARK [1][-]{section.5}{線形写像}{}% 38
\BOOKMARK [2][-]{subsection.5.1}{写像}{section.5}% 39
\BOOKMARK [2][-]{subsection.5.2}{基本事項}{section.5}% 40
\BOOKMARK [2][-]{subsection.5.3}{表現行列}{section.5}% 41
\BOOKMARK [1][-]{section.6}{対角化}{}% 42
\BOOKMARK [2][-]{subsection.6.1}{固有値と固有ベクトル}{section.6}% 43
\BOOKMARK [3][-]{subsubsection.6.1.1}{線形変換において}{subsection.6.1}% 44
\BOOKMARK [3][-]{subsubsection.6.1.2}{一般の変換において}{subsection.6.1}% 45
\BOOKMARK [2][-]{subsection.6.2}{対角化}{section.6}% 46
